-1	2	6	8	小宽宽	02017警察系列城市移动指挥中心积木乐拼兼容乐高60139男孩模型	http://mobile.yangkeduo.com/goods.html?goods_id=3607580809
296	0	2	35	小宽宽	16006加勒比海盗船黑珍珠战舰积木拼装儿童玩具乐拼兼容乐高4184	http://mobile.yangkeduo.com/goods.html?goods_id=2698832309
1	0	2	10	小宽宽	乐拼01013心湖城夏季游泳池兼容41313女孩系列Friends礼物积木	http://mobile.yangkeduo.com/goods.html?goods_id=2746138267
-1	0	1	15	小宽宽	星堡XB03008乐高积木兰博基尼跑车益智拼插积木玩具创意科技系列	http://mobile.yangkeduo.com/goods.html?goods_id=2711247966
null	0	0	38	小宽宽	【四只装】Q版迷你合金卡通小汽车模型宝马MINI甲壳虫玩具车	http://mobile.yangkeduo.com/goods.html?goods_id=947920351
null	0	0	38	小宽宽	【送人偶】儿童仿真120救护车小汽车模型男孩玩具车合金110警车	http://mobile.yangkeduo.com/goods.html?goods_id=967792642
29	0	0	21	小宽宽	Batmobile兼容乐高07077蝙蝠侠电影终极蝙蝠摩托车飞机 玩具拼装	http://mobile.yangkeduo.com/goods.html?goods_id=2711466442
297	0	0	17	小宽宽	兼容乐高76104超级英雄07101反浩克装甲复仇者联盟钢铁侠积木男孩	http://mobile.yangkeduo.com/goods.html?goods_id=2741215364
null	0	0	9	小宽宽	卡通合金飞机玩具战斗机模型【小黄机甜心战机】回力声光	http://mobile.yangkeduo.com/goods.html?goods_id=919141996
-1	0	0	6	小宽宽	星堡积木XB01101中华街迷你街景成人益智儿童益智拼装模型玩具	http://mobile.yangkeduo.com/goods.html?goods_id=2746141816
null	0	1	21	95TOYS玩具汇	乐拼超级英雄复仇者联盟神盾局天空航母男孩拼装积木玩具07043	http://mobile.yangkeduo.com/goods.html?goods_id=1937793283
null	0	0	674	95TOYS玩具汇	正版三宝超变战陀全套陀螺玩具儿童合体坨螺托罗圣焰红龙猎冰男孩	http://mobile.yangkeduo.com/goods.html?goods_id=1172284690
302	0	0	179	95TOYS玩具汇	乐拼16006兼容乐高加勒比海盗船黑珍珠号积木玩具拼装6-10-12岁	http://mobile.yangkeduo.com/goods.html?goods_id=64917498
null	0	0	161	95TOYS玩具汇	沃马军事部队城市特警拼装积木玩具兼容乐高军事6-8-10-12男孩子	http://mobile.yangkeduo.com/goods.html?goods_id=55285471
null	0	0	98	95TOYS玩具汇	乐拼城市CITY系列大卡车货车3221益智拼装积木玩具兼容乐高02036	http://mobile.yangkeduo.com/goods.html?goods_id=1946591872
null	0	0	82	95TOYS玩具汇	三宝超变战陀玩具圣焰红龙配件超能环补充装发射器大号战斗对战盘	http://mobile.yangkeduo.com/goods.html?goods_id=1311175183
null	0	0	61	95TOYS玩具汇	三宝超变战陀坨螺配件大号战斗盘儿童男孩拉线手柄超能环圣焰红龙	http://mobile.yangkeduo.com/goods.html?goods_id=1347679780
null	0	0	21	95TOYS玩具汇	沃马广告新款儿童积木模型玩具警察系列猎鹰号武装直升机C0531兼容乐高益智拼装男孩子6-8-10-12岁	http://mobile.yangkeduo.com/goods.html?goods_id=443527318
null	0	0	11	95TOYS玩具汇	乐拼兼容乐高城市警察系列大卡车货车拼装积木人仔玩具02036	http://mobile.yangkeduo.com/goods.html?goods_id=1937765931
null	0	-1	27	95TOYS玩具汇	乐拼新品城市CITY系列大卡车货车乐高男孩子拼装积木玩具02036	http://mobile.yangkeduo.com/goods.html?goods_id=1946607413
null	0	1	150	金福玩具	新款充电冰雪奇缘公主小飞仙悬浮感应玩具会飞的玩具	http://mobile.yangkeduo.com/goods.html?goods_id=908476
null	0	0	1822	金福玩具	儿童创意礼物叮当猫KIT小黄人皮卡丘自动存钱罐存取款机密码箱储蓄罐时尚生日储钱罐礼品	http://mobile.yangkeduo.com/goods.html?goods_id=977086
null	0	0	1293	金福玩具	 18CM大号儿童灯光投影音乐特技车 翻滚车大号遥控充电翻斗车玩具	http://mobile.yangkeduo.com/goods.html?goods_id=1350381
null	0	0	1172	金福玩具	（手势感应）美国队长布加迪土豪金玫瑰金手变形兰博基尼毒药一键变形金刚遥控车机器人	http://mobile.yangkeduo.com/goods.html?goods_id=939634
null	0	0	946	金福玩具	灯光金属合金魔幻陀螺3正玩具版套装焰天火龙王深海冰龙神	http://mobile.yangkeduo.com/goods.html?goods_id=1603912
null	0	0	939	金福玩具	卡通七彩灯手提投影灯笼儿童音乐节日发光玩具	http://mobile.yangkeduo.com/goods.html?goods_id=912218
null	0	0	574	金福玩具	遥控智能芭比娃娃公主会说话智能娃娃芭炫舞洋娃娃比娃娃跳舞女孩玩具	http://mobile.yangkeduo.com/goods.html?goods_id=994924
null	0	0	165	金福玩具	全自动环保海豚小丑鱼泡泡枪双瓶水灯光吹泡泡夏季儿童玩具	http://mobile.yangkeduo.com/goods.html?goods_id=3264032
null	0	0	155	金福玩具	罗本艾特阿尔法机械战警可充电动编程跳舞遥控智能儿童机器人玩具	http://mobile.yangkeduo.com/goods.html?goods_id=6961666
null	0	0	143	金福玩具	升级版韩国创意生日礼物超大号儿童存钱罐可爱卡通储蓄罐ATM机密码盒子	http://mobile.yangkeduo.com/goods.html?goods_id=1626598
null	1	7	402	启航玩具商行	乐高积木城市CITY系列大卡车货车益智拼装积木人仔玩具02036	http://mobile.yangkeduo.com/goods.html?goods_id=1224709758
null	3	3	54	启航玩具商行	乐高城市系列高速追捕直升飞机益智拼装拼插积木人仔玩具02018	http://mobile.yangkeduo.com/goods.html?goods_id=2322148621
null	0	1	62	启航玩具商行	乐高未来骑士团奈顿高科技骑士城堡人仔积木玩具14037	http://mobile.yangkeduo.com/goods.html?goods_id=1209269691
null	0	1	29	启航玩具商行	乐高超级英雄复仇者联盟神盾局天空航母拼装积木玩具07043	http://mobile.yangkeduo.com/goods.html?goods_id=1201628965
null	0	0	25	启航玩具商行	乐高迪士尼公主灰姑娘的浪漫城堡女孩积木人仔玩具25006	http://mobile.yangkeduo.com/goods.html?goods_id=1209482865
194	0	0	19	启航玩具商行	乐高积木大电影系列瓦力机器人绝版复刻拼装积木玩具16003	http://mobile.yangkeduo.com/goods.html?goods_id=1200758230
49	0	0	11	启航玩具商行	乐高积木大电影瓦力机器人总动员21303 男孩子拼装积木玩具16003	http://mobile.yangkeduo.com/goods.html?goods_id=2273950200
null	0	0	9	启航玩具商行	乐高未来骑士团克雷的圣剑战车要塞拼装积木人仔玩具14012	http://mobile.yangkeduo.com/goods.html?goods_id=1202166434
0	0	0	8	启航玩具商行	乐高星球大战原力觉醒x翼战机男孩拼装积木人仔玩具05004	http://mobile.yangkeduo.com/goods.html?goods_id=1202062065
-1	0	0	8	启航玩具商行	乐高科技机械系列布加迪奇龙威龙跑车拼装拼插积木玩具20086	http://mobile.yangkeduo.com/goods.html?goods_id=2244050573
null	1	3	521	佳荣玩具	乐高恐龙侏罗纪世界公园霸王龙迅猛龙暴龙拼装积木男孩子儿童玩具	http://mobile.yangkeduo.com/goods.html?goods_id=87246870
null	1	3	272	佳荣玩具	乐拼城市系列北极地侦察车60194儿童拼装积木玩具02110 兼容乐高	http://mobile.yangkeduo.com/goods.html?goods_id=60037940
null	1	2	755	佳荣玩具	双鹰兼容乐高diy组拼装拼插积木步枪模型软弹6-8岁男孩吃鸡玩具枪	http://mobile.yangkeduo.com/goods.html?goods_id=64154175
null	1	2	480	佳荣玩具	乐高幻影忍者系列70618幻影忍者  移动基地:命运赏赐号 乐拼06057	http://mobile.yangkeduo.com/goods.html?goods_id=63314452
null	0	1	598	佳荣玩具	8月新品乐高幻影忍者系列70653 烈焰谍影神龙LEGO积木  乐拼06081	http://mobile.yangkeduo.com/goods.html?goods_id=63390446
null	0	1	408	佳荣玩具	启蒙乐高海底小纵队章鱼堡虎鲨旗鱼独角鲸马蹄蟹艇白鲨积木玩具	http://mobile.yangkeduo.com/goods.html?goods_id=63396017
null	0	1	318	佳荣玩具	乐拼28019 LEGO乐高积木赛车75889赛车法拉利体验中心拼装玩具	http://mobile.yangkeduo.com/goods.html?goods_id=58953082
null	0	1	314	佳荣玩具	乐高城市系列 60174 山地特警总部 LEGO City 积木玩具乐拼02097	http://mobile.yangkeduo.com/goods.html?goods_id=551142549
null	0	0	383	佳荣玩具	男孩子拼装玩具积木乐高我的世界侏罗纪世界2恐龙霸王龙迅猛龙牛	http://mobile.yangkeduo.com/goods.html?goods_id=60031952
null	0	0	292	佳荣玩具	兼容乐高城市警察火车系列 乐拼02008货运列车 60052拼装积木玩具	http://mobile.yangkeduo.com/goods.html?goods_id=78293693
null	0	2	1488	煌达玩具	乐高幻影忍者人仔3-6岁儿童益智拼装积木男孩玩具生日礼物8-12岁	http://mobile.yangkeduo.com/goods.html?goods_id=62332289
null	0	2	1100	煌达玩具	乐拼兼容乐高城市CITY大卡车货车益智拼装积木玩具火山探险基地	http://mobile.yangkeduo.com/goods.html?goods_id=10635935
null	0	2	528	煌达玩具	兼容乐高积木男孩子汽车超级赛车跑车组装模型儿童益智力拼装玩具	http://mobile.yangkeduo.com/goods.html?goods_id=6549611
null	0	2	480	煌达玩具	兼容乐高幻影忍者大电影人仔人偶陀螺拼装积木玩具男孩生日礼物	http://mobile.yangkeduo.com/goods.html?goods_id=12201395
286	0	2	74	煌达玩具	兼容乐高超级英雄 乐拼07101钢铁侠反浩克机甲76105 拼装积木玩具	http://mobile.yangkeduo.com/goods.html?goods_id=906286238
null	0	0	537	煌达玩具	【买就送子弹】【学校必备教材】兼容乐高儿童军事拼装手枪积木模型儿童4D拼装沙漠之鹰模型益智组装仿真玩具枪可发射子弹	http://mobile.yangkeduo.com/goods.html?goods_id=74885930
null	0	0	307	煌达玩具	【送1万水晶弹+电池】【电动水弹枪】电动连发水弹枪成人真人cs狙击枪锦明M92沙漠之鹰手枪男孩水蛋玩具枪可发射子弹水晶枪	http://mobile.yangkeduo.com/goods.html?goods_id=210821961
null	0	0	191	煌达玩具	兼容乐高乐拼正品城市系列警察巡逻艇60129拼装积木人仔玩具02049	http://mobile.yangkeduo.com/goods.html?goods_id=86634254
null	0	0	100	煌达玩具	兼容乐高警察城市高速追捕直升飞机60138拼装积木玩具乐拼02018	http://mobile.yangkeduo.com/goods.html?goods_id=6549755
null	0	0	81	煌达玩具	兼容乐高城市警察系列乐拼02097山地特警总部60174拼装积木玩具	http://mobile.yangkeduo.com/goods.html?goods_id=539403579
null	1	1	27	乐拼玩具店	乐拼  兼容乐高城堡系列国王城堡争夺战乐拼16017拼装积木男玩具	http://mobile.yangkeduo.com/goods.html?goods_id=8826963
null	0	0	201	乐拼玩具店	乐拼元素未来骑士团熔岩攻城战车14018乐高式儿童益智拼装玩具积木	http://mobile.yangkeduo.com/goods.html?goods_id=2489963
39	0	0	57	乐拼玩具店	乐拼兼容乐高城市警察移动指挥车60139儿童拼装积木玩具模型02017	http://mobile.yangkeduo.com/goods.html?goods_id=4059218
null	0	0	53	乐拼玩具店	乐拼幻影忍者系列命运赏赐号大决战拼装兼容乐高积木玩具06020	http://mobile.yangkeduo.com/goods.html?goods_id=2767888
null	0	0	51	乐拼玩具店	乐拼14012乐高式克雷的圣剑合体战车乐高人仔积木未来元素骑士团	http://mobile.yangkeduo.com/goods.html?goods_id=2489970
null	0	0	39	乐拼玩具店	乐拼 SY850积木幻影忍者凯和杰的冰火双头翼龙兼容乐高益智玩具	http://mobile.yangkeduo.com/goods.html?goods_id=2489902
null	0	0	36	乐拼玩具店	乐拼乐高式幻影忍者系列杰的雷电飞龙乐高积木益智玩具06027儿童	http://mobile.yangkeduo.com/goods.html?goods_id=2489979
null	0	0	25	乐拼玩具店	乐拼79168将牌乐高式冰雪奇缘艾莎的冰雪城堡女孩拼装积木益智玩具兼容乐高适合6-9-12岁儿童	http://mobile.yangkeduo.com/goods.html?goods_id=2490333
null	0	0	18	乐拼玩具店	乐拼兼容乐高幻影忍者系列冰火双重驯龙拼装积木人仔玩具06048	http://mobile.yangkeduo.com/goods.html?goods_id=6928032
null	0	0	16	乐拼玩具店	乐拼迪士尼公主女孩41067贝儿公主的魔法城堡拼装积木玩具01010	http://mobile.yangkeduo.com/goods.html?goods_id=3588950
0	2	7	56	童曦积木玩具	乐拼布加迪奇龙20086科技跑车42083拼插积木新款拼装儿童玩具	http://mobile.yangkeduo.com/goods.html?goods_id=2201374104
36	0	1	39	童曦积木玩具	兼容乐高乐拼布加迪奇龙威龙保时捷20001跑车911拼装积木20086	http://mobile.yangkeduo.com/goods.html?goods_id=1562667838
-1	0	1	22	童曦积木玩具	乐拼07101复仇者联盟钢铁侠反浩克机甲兼容乐高76105拼装积木玩具	http://mobile.yangkeduo.com/goods.html?goods_id=1527797006
null	0	1	1	童曦积木玩具	乐拼神盾局航母舰07043超级英雄复仇者联盟飞船军事系列积木76042	http://mobile.yangkeduo.com/goods.html?goods_id=2509458928
null	0	0	102	童曦积木玩具	兼容乐高城市警察系列 乐拼02006监狱岛逃脱60130 拼装积木玩具	http://mobile.yangkeduo.com/goods.html?goods_id=1529646349
null	0	0	1	童曦积木玩具	乐拼01039兼容乐高女孩好朋友系列41318心湖城医院拼装积木玩具	http://mobile.yangkeduo.com/goods.html?goods_id=2561447766
-1	0	0	0	童曦积木玩具	乐拼16006兼容乐高加勒比海盗船黑珍珠号积木玩具拼装6-10-12岁	http://mobile.yangkeduo.com/goods.html?goods_id=2561408619
null	0	0	0	童曦积木玩具	乐拼兼容乐高加勒比海盗系列安妮女王复仇号拼装积木玩具16009	http://mobile.yangkeduo.com/goods.html?goods_id=2561446206
null	0	0	0	童曦积木玩具	样尔兼容乐高积木男女孩玩具宝宝益智百变汽车大颗粒拼插3-6周岁	http://mobile.yangkeduo.com/goods.html?goods_id=2382970184
null	0	0	0	童曦积木玩具	乐拼16008兼容乐高迪士尼乐园城堡71040冰雪奇缘拼装积木模型玩具	http://mobile.yangkeduo.com/goods.html?goods_id=2718545020
null	9	39	324	益智乐园玩具店	变形金刚玩具5电影擎天柱黄蜂汽车机器人合金手动模型儿童男孩	http://mobile.yangkeduo.com/goods.html?goods_id=2460749311
null	0	3	269	益智乐园玩具店	韩国Q版变形警车珀利金刚玩具迷你变身汽车机器人儿童男孩玩具	http://mobile.yangkeduo.com/goods.html?goods_id=2073072924
null	0	3	108	益智乐园玩具店	【厂家直销】儿童磁性画板写字板涂鸦绘画板儿童玩具	http://mobile.yangkeduo.com/goods.html?goods_id=2207991773
null	1	2	135	益智乐园玩具店	【全套5款】新款帮帮龙玩具探险队套装大号帮帮龙出动玩具	http://mobile.yangkeduo.com/goods.html?goods_id=2149317798
null	0	0	91	益智乐园玩具店	兼容乐高积木幻影忍者系列大电影机甲神龙积木拼装益智玩具赏赐号	http://mobile.yangkeduo.com/goods.html?goods_id=2234725837
null	0	0	83	益智乐园玩具店	兼容乐高我的世界玩具积木拼装农场小屋益智拼图男孩玩具	http://mobile.yangkeduo.com/goods.html?goods_id=2289829135
null	0	0	55	益智乐园玩具店	兼容乐高积木城市超级跑车赛车F1保时捷积木拼装益智玩具男孩子	http://mobile.yangkeduo.com/goods.html?goods_id=2587732895
null	0	0	32	益智乐园玩具店	兼容乐高积木女孩系列别墅小公主城堡拼装儿童益智玩具	http://mobile.yangkeduo.com/goods.html?goods_id=2144010576
null	0	0	28	益智乐园玩具店	兼容legao积木军事拼装特警6男孩子7女孩10益智3周岁8儿童玩具	http://mobile.yangkeduo.com/goods.html?goods_id=2450829594
null	0	0	27	益智乐园玩具店	兼容乐高益智积木拼装男孩城市汽车儿童大颗粒滑道积木女孩玩具	http://mobile.yangkeduo.com/goods.html?goods_id=2519557998
null	0	0	96	童乐汇玩具积木	兼容乐高乐拼02061城市系列丛林探险遗跡勘探场60161拼装积木玩具	http://mobile.yangkeduo.com/goods.html?goods_id=82348426
null	0	0	84	童乐汇玩具积木	乐高电动遥控车遥控机械组拼装积木益智6-8-10岁男孩玩具儿童礼物	http://mobile.yangkeduo.com/goods.html?goods_id=142044232
null	0	0	49	童乐汇玩具积木	乐高玩具遥控积木车拼装电动积木械大师儿童益智男孩军事坦克6-9	http://mobile.yangkeduo.com/goods.html?goods_id=142090074
null	0	0	16	童乐汇玩具积木	乐拼兼容乐高城市消防系列02052消防总局益智拼装积木玩具60110	http://mobile.yangkeduo.com/goods.html?goods_id=131922633
null	0	0	12	童乐汇玩具积木	兼容乐高怪物战士系列鬼屋Haunted House拼装积木玩具乐拼16007	http://mobile.yangkeduo.com/goods.html?goods_id=81191311
null	0	0	9	童乐汇玩具积木	博乐女孩好朋友心湖城派对礼品店乐高41132拼装积木玩具10557新款	http://mobile.yangkeduo.com/goods.html?goods_id=81303441
null	0	0	8	童乐汇玩具积木	2017年新款博乐10562心湖城马术俱乐部乐高好朋友女孩系列41126儿童益智拼装积木玩具人仔6-9-12岁礼物	http://mobile.yangkeduo.com/goods.html?goods_id=141085291
null	0	0	7	童乐汇玩具积木	乐拼01059好朋友女孩系列兼容乐高41335米娅的树屋益智积木玩具	http://mobile.yangkeduo.com/goods.html?goods_id=958313309
null	0	0	4	童乐汇玩具积木	乐拼新品兼容乐高好朋友系列 01062米娅的野营车积木玩具41339	http://mobile.yangkeduo.com/goods.html?goods_id=958295570
null	0	0	3	童乐汇玩具积木	启蒙 军事系列积木 航空母舰113 儿童益智拼装拼插玩具6-8-10岁	http://mobile.yangkeduo.com/goods.html?goods_id=441848434
null	0	0	1005	乐拼拼玩具店	乐高幻影忍者X-1忍者凯的电极跑车博乐9796儿童益智拼装积木玩具	http://mobile.yangkeduo.com/goods.html?goods_id=26035786
null	0	0	136	乐拼拼玩具店	乐高幻影忍者70622雷霆摩托车 红蛇战车拼装积木玩具博乐10579	http://mobile.yangkeduo.com/goods.html?goods_id=1153689914
null	0	0	132	乐拼拼玩具店	17新款博乐10591未来骑士团雷电女巫的机关监狱战车乐高70349儿童益智拼装积木玩具人仔6-9-12岁礼物	http://mobile.yangkeduo.com/goods.html?goods_id=48350796
null	0	0	120	乐拼拼玩具店	2017新款博乐10583幻影忍者决战时光机甲巨蛇乐高70626儿童益智拼装积木玩具人仔6-9-12岁礼物	http://mobile.yangkeduo.com/goods.html?goods_id=48324499
null	0	0	119	乐拼拼玩具店	博乐10222幻影忍者系列乐高70723雷霆突击队机器人拼装积木玩具	http://mobile.yangkeduo.com/goods.html?goods_id=1165195073
null	0	0	82	乐拼拼玩具店	博乐10394乐高幻影忍者寇的武装重机车男孩益智拼插积木玩具70733	http://mobile.yangkeduo.com/goods.html?goods_id=1178225488
null	0	0	78	乐拼拼玩具店	lego乐高正品散装零件配件积木MOC小颗粒积木按斤街景称重补件DIY	http://mobile.yangkeduo.com/goods.html?goods_id=1260746842
null	0	0	55	乐拼拼玩具店	乐高方头仔钢铁侠人仔美国队长漫威超级英雄蝙蝠侠公仔积木玩具	http://mobile.yangkeduo.com/goods.html?goods_id=1118314112
null	0	0	52	乐拼拼玩具店	博乐10642城市系列乐高60125火山探险重型空运直升机拼装积木玩具	http://mobile.yangkeduo.com/goods.html?goods_id=48813669
null	0	0	50	乐拼拼玩具店	博乐10218乐高白色幻影忍者 盘旋猎人猎手70720拼装积木人仔玩具	http://mobile.yangkeduo.com/goods.html?goods_id=1165089807
null	6	19	2136	凯旋玩具	【亏本12.8包邮】兼容乐高变形金刚工程运输卡车拼装玩具积木模型	http://mobile.yangkeduo.com/goods.html?goods_id=7450102
null	0	3	200	凯旋玩具	兼容乐高科技城市场景军事大炮坦克战车益智拼装汽车玩具积木模型	http://mobile.yangkeduo.com/goods.html?goods_id=75438577
null	0	2	426	凯旋玩具	兼容乐高星球大战千年隼航天航空母舰飞船益智拼装积木玩具模型	http://mobile.yangkeduo.com/goods.html?goods_id=43359222
null	0	2	308	凯旋玩具	兼容乐高科技机械拼装赛车高难度赛道奔驰卡车变形玩具积木模型	http://mobile.yangkeduo.com/goods.html?goods_id=5261286
null	0	1	194	凯旋玩具	【冲量亏本9.9包邮今晚吃鸡】益智儿童拼装积木沙漠之鹰玩具模型	http://mobile.yangkeduo.com/goods.html?goods_id=5261248
null	0	0	405	凯旋玩具	兼容乐高沃马特警军事战队警察局指挥车城市益智拼装玩具积木模型	http://mobile.yangkeduo.com/goods.html?goods_id=43844256
null	0	0	350	凯旋玩具	兼容乐高超级英雄联盟蝙蝠侠战车人物益智拼装汽车玩具积木模型	http://mobile.yangkeduo.com/goods.html?goods_id=5261264
null	0	0	330	凯旋玩具	兼容乐高科技星球大战瓦力机器人变形金刚益智拼装玩具积木模型	http://mobile.yangkeduo.com/goods.html?goods_id=25298820
null	0	0	318	凯旋玩具	兼容乐高航母战斗飞机J15航空航天军事拼装益智拼插玩具积木模型	http://mobile.yangkeduo.com/goods.html?goods_id=5261291
null	0	0	316	凯旋玩具	兼容乐高益智拼装玩具航空航天模型神州十号火箭发射站6-8-12岁	http://mobile.yangkeduo.com/goods.html?goods_id=75437907
null	190	473	809	我的世界积木玩具店	兼 容 乐高积木我的世界益智拼装儿童玩具男孩子女孩10岁生日礼物	http://mobile.yangkeduo.com/goods.html?goods_id=3812561370
null	6	18	18	梦奇童趣店	乐高积木拼装玩具变形金刚机器人儿童启蒙益智汽车飞机组装玩具	http://mobile.yangkeduo.com/goods.html?goods_id=3904276684
null	5	12	42	梦奇童趣店	沙漠之鹰兼容乐高积木手枪可发射拼装模型智力开发玩具6~14岁双鹰	http://mobile.yangkeduo.com/goods.html?goods_id=3327319448
null	3	7	98	梦奇童趣店	儿童早教益智立体拼装积木电钻玩具拆装组合拧螺丝创意拼盘工具箱	http://mobile.yangkeduo.com/goods.html?goods_id=3326686526
null	0	2	37	梦奇童趣店	达高积木 汽车系列之8款赛车总动员兼容乐高儿童益智启蒙拼装模型	http://mobile.yangkeduo.com/goods.html?goods_id=3606540058
null	0	0	3	梦奇童趣店	抖音海草舞跳舞小萌猪会唱歌跳舞电动萌萌猪宝宝小猪儿童玩具	http://mobile.yangkeduo.com/goods.html?goods_id=3325817815
null	369	1113	31964	纸风车玩具	纯磁力片积木套装儿童百变提拉宝宝磁性吸铁石男女孩拼装积木玩具	http://mobile.yangkeduo.com/goods.html?goods_id=588840247
null	93	396	4541	纸风车玩具	乐高积木男孩子3城市拼装6军事特警7益智力组装8儿童玩具10岁礼物	http://mobile.yangkeduo.com/goods.html?goods_id=2428807263
null	6	12	479	纸风车玩具	磁力片单片散片磁积片积木纯磁性磁铁散装女男孩玩具拼装积木	http://mobile.yangkeduo.com/goods.html?goods_id=1604090566
null	3	7	342	纸风车玩具	磁力片积木磁性拼插玩具吸铁石益智积木男女孩儿童益智玩具积木	http://mobile.yangkeduo.com/goods.html?goods_id=1171186944
null	0	0	0	纸风车玩具	兼 容 乐高积木我的世界拼装儿童玩具男孩图幻影忍者10岁宝宝礼物	http://mobile.yangkeduo.com/goods.html?goods_id=2815670370
null	9	33	996	童堡乐玩具	【精美礼盒装】汪汪队玩具狗狗巡逻队套装汪汪队立大功玩具车礼盒	http://mobile.yangkeduo.com/goods.html?goods_id=2039411957
null	4	11	222	童堡乐玩具	儿童玩具水弹枪吃鸡玩具枪可发射软弹电动连发m4下供弹98k狙击枪	http://mobile.yangkeduo.com/goods.html?goods_id=3113704258
null	0	0	67	童堡乐玩具	新品乐高乐拼儿童益智拼装小积木男孩子玩具礼物6-7-8-10城市系列	http://mobile.yangkeduo.com/goods.html?goods_id=422421506
null	0	0	6	童堡乐玩具	儿童过家家玩具套装男孩女孩化妆医生厨房仿真建筑工具手提拉杆箱	http://mobile.yangkeduo.com/goods.html?goods_id=3033895131
null	0	0	3	童堡乐玩具	【抖音爆款】网红海草猪跳跳球会唱歌录音震动球儿童益智毛绒玩具	http://mobile.yangkeduo.com/goods.html?goods_id=3792934241
null	0	0	1	童堡乐玩具	绝地求生M24水弹枪一米三狙击枪儿童玩具吃鸡同款三级头盔平底锅	http://mobile.yangkeduo.com/goods.html?goods_id=3793741383
null	-1	-1	1	童堡乐玩具	绝地求生三级头3级头盔吃鸡装备98k儿童玩具水弹枪平底锅模型玩具	http://mobile.yangkeduo.com/goods.html?goods_id=3958823529
null	45	205	15839	淘乐汇玩具	兼容乐高幻影忍者大电影人仔机甲神龙益智拼装积木男孩儿童玩具	http://mobile.yangkeduo.com/goods.html?goods_id=1065112533
null	4	18	191	淘乐汇玩具	正版植物大战僵尸玩具套装可发射软弹益智儿童小男孩女孩公仔礼物	http://mobile.yangkeduo.com/goods.html?goods_id=2679461097
null	2	6	654	淘乐汇玩具	魔法吹泡波波粘粘乐玩具diy黏黏气球泡泡充气机男孩女孩礼物玩具	http://mobile.yangkeduo.com/goods.html?goods_id=1652554420
null	0	0	696	淘乐汇玩具	买一赠四美国队长盾牌电动连发水弹枪沙漠之鹰水弹枪对战玩具枪	http://mobile.yangkeduo.com/goods.html?goods_id=1096282091
null	0	0	187	淘乐汇玩具	正版海睿大富翁游戏棋世界之旅儿童豪华版地产银行桌游手棋玩具	http://mobile.yangkeduo.com/goods.html?goods_id=1783885474
null	0	0	11	淘乐汇玩具	智能机器人 会走路唱歌讲故事学英语 益智早教玩具跳舞电动T1智能	http://mobile.yangkeduo.com/goods.html?goods_id=1142875578
null	0	0	83	随心母婴	【生活减压】网红抖音魔术流体手环撩妹创意减压魔术益智健身玩具	http://mobile.yangkeduo.com/goods.html?goods_id=826938898
null	0	0	11	随心母婴	儿童益智软积木吸吸乐玩具拼搭玩具桌面亲子吸吸乐	http://mobile.yangkeduo.com/goods.html?goods_id=827052083
null	0	0	3	随心母婴	35颗儿童益智吸吸乐拼装蜘蛛人软积木吸吸球硅胶拼搭玩具吸扭棒	http://mobile.yangkeduo.com/goods.html?goods_id=827070978
null	0	0	2	随心母婴	28颗儿童益智吸吸乐创意拼搭软积木吸吸球亲子桌面早教玩具吸扭乐	http://mobile.yangkeduo.com/goods.html?goods_id=827000940
null	0	0	0	随心母婴	【生活减压】网红抖音魔术流体手环撩妹创意减压魔术益智健身玩具	http://mobile.yangkeduo.com/goods.html?goods_id=827007442
null	0	0	0	随心母婴	风火轮滚铁环怀旧儿童推圈户外运动平衡感训练铁环玩具	http://mobile.yangkeduo.com/goods.html?goods_id=3513415297
null	0	4	15	乐拼星堡双鹰积木品牌店	漫威英雄复仇者联盟钢铁侠反浩克变形机甲益智拼装男孩子积木玩具	http://mobile.yangkeduo.com/goods.html?goods_id=2382272669
null	0	2	823	乐拼星堡双鹰积木品牌店	漫威英雄复仇者联盟钢铁侠反浩克变形机甲益智拼装男孩子积木玩具	http://mobile.yangkeduo.com/goods.html?goods_id=142825304
null	0	1	112	乐拼星堡双鹰积木品牌店	乐拼02078兼容乐高城市系列公交车站儿童拼装插玩具积木生日礼物	http://mobile.yangkeduo.com/goods.html?goods_id=119972087
null	0	0	44	乐拼星堡双鹰积木品牌店	黛米芭比人偶娃娃儿童早教益智玩具女孩生日礼物60厘米套装大礼盒	http://mobile.yangkeduo.com/goods.html?goods_id=668112355
null	0	0	14	乐拼星堡双鹰积木品牌店	双鹰咔哒拼装搭插益智儿童男孩子组装军事吃鸡生日礼物玩具积木枪	http://mobile.yangkeduo.com/goods.html?goods_id=144650056
null	0	0	8	乐拼星堡双鹰积木品牌店	黛米娃娃假发3分BJD洋娃娃公主改妆头发头套 换装女直发卷发	http://mobile.yangkeduo.com/goods.html?goods_id=145011989
null	2	9	44	小胖玩具店	乐高积木8男孩子幻影忍者9益智力拼装玩具10-14火元素飞船机甲龙6	http://mobile.yangkeduo.com/goods.html?goods_id=3145016145
null	2	4	69	小胖玩具店	乐高积木幻影忍者第九季大电影男孩子战车乐拼06089重型捕龙卡车	http://mobile.yangkeduo.com/goods.html?goods_id=3144978457
null	1	3	28	小胖玩具店	乐高积木幻影忍者06057新命运赏赐号龙船70618益智拼装玩具男孩子	http://mobile.yangkeduo.com/goods.html?goods_id=3145293813
null	0	0	12	小胖玩具店	我的世界2018乐高积木拼装男孩子8益智力6玩具7儿童10岁村庄房子9	http://mobile.yangkeduo.com/goods.html?goods_id=3145174716
null	0	0	3	小胖玩具店	乐高幻影忍者70612劳埃德的飞天机甲神龙拼装积木玩具男孩子6-12	http://mobile.yangkeduo.com/goods.html?goods_id=3145274726
null	0	0	0	小胖玩具店	【小颗粒】乐高女孩子好朋友心湖城积木拼装玩具艾莎冰雪奇缘城堡	http://mobile.yangkeduo.com/goods.html?goods_id=43232417
null	0	0	0	小胖玩具店	乐高我的世界积木男孩子9村庄8房子10岁拼装7益智力6儿童玩具	http://mobile.yangkeduo.com/goods.html?goods_id=3145181697
null	2	17	1061	呗呗乐玩具店	乐高积木兼容儿童拼装益智玩具车军事航母男孩幻影忍者机器人礼物	http://mobile.yangkeduo.com/goods.html?goods_id=1991144804
null	1	1	341	呗呗乐玩具店	兼容乐高积木玩具男孩拼装汽车儿童航母益智6-12岁小学生拼插积木	http://mobile.yangkeduo.com/goods.html?goods_id=2011162443
null	0	1	25	呗呗乐玩具店	兼容乐高积木拼装玩具飞机6-12岁男孩警察直升机8合1益智儿童礼物	http://mobile.yangkeduo.com/goods.html?goods_id=1998846630
null	0	0	21	呗呗乐玩具店	我的世界积木拼装玩具男孩兼容乐高幻影忍者儿童拼图益智生日礼物	http://mobile.yangkeduo.com/goods.html?goods_id=2773064724
null	0	0	10	呗呗乐玩具店	【限购速抢】积木男孩变形金刚机器人玩具6儿童7益智力8拼装9礼物	http://mobile.yangkeduo.com/goods.html?goods_id=2492722291
null	0	0	2	呗呗乐玩具店	特价兼容乐高儿童拼装积木消防警车飞机直升机航天男孩子小玩具	http://mobile.yangkeduo.com/goods.html?goods_id=2514262209
null	0	0	1	呗呗乐玩具店	新款启蒙积木海底小纵队探险拼装玩具章鱼堡舰艇男女孩子儿童益智	http://mobile.yangkeduo.com/goods.html?goods_id=2553345835
null	0	0	1301	星堡积木旗舰店	星堡原创幼儿童游乐场高颗粒积木拼装益智力玩具男女孩6-14岁以上	http://mobile.yangkeduo.com/goods.html?goods_id=1086851517
null	0	0	17	星堡积木旗舰店	【一套8盒24种形态玩法】星堡积木巨型挖掘机儿童玩具兼容乐高	http://mobile.yangkeduo.com/goods.html?goods_id=2145442141
null	0	0	9	星堡积木旗舰店	星堡积木/XINGBAO超级宇宙战舰兼容乐高八合一积木拼装模型玩具	http://mobile.yangkeduo.com/goods.html?goods_id=2145286272
null	0	0	5	星堡积木旗舰店	星堡积木穿越战场军事坦克男孩子益智拼装模型玩具成人高难度积木	http://mobile.yangkeduo.com/goods.html?goods_id=1649076508
null	0	0	3	星堡积木旗舰店	星堡乐拼高创意城市儿童成人拼装模型男女孩积木拼装宝宝益智玩具	http://mobile.yangkeduo.com/goods.html?goods_id=1086867130
null	0	0	3	星堡积木旗舰店	星堡XB03025跑车系列大脚怪拼装拼插积木科技机械男孩儿童玩具	http://mobile.yangkeduo.com/goods.html?goods_id=1649747205
null	0	0	2	星堡积木旗舰店	星堡乐拼儿童成人城市家居装潢拼装模型男女孩宝宝高益智积木玩具	http://mobile.yangkeduo.com/goods.html?goods_id=1086858203
null	0	-1	2	星堡积木旗舰店	星堡乐拼未来梦想家儿童成人拼装模型男女孩积木宝宝高益智力玩具	http://mobile.yangkeduo.com/goods.html?goods_id=1619263756
null	0	-3	2	星堡积木旗舰店	星堡积木/XINGBAO建筑组迷你中华街兼容乐高儿童积木拼装模型玩具	http://mobile.yangkeduo.com/goods.html?goods_id=1650448476
null	3	5	12	宝龙玩具	兼容乐高城市3221工程吊车乐拼02036大卡车货车益智拼装积木玩具	http://mobile.yangkeduo.com/goods.html?goods_id=3303046106
25	2	2	4	宝龙玩具	乐拼16003大电影瓦力机器人兼容乐高21303儿童益智拼插装积木玩具	http://mobile.yangkeduo.com/goods.html?goods_id=3302361083
null	0	0	2	宝龙玩具	乐拼正品未来元素骑士团骑士的高科技移动要塞70317积木人仔14006	http://mobile.yangkeduo.com/goods.html?goods_id=3302549673
null	0	0	1	宝龙玩具	乐拼14012未来骑士团拼装益智玩具兼容乐高70315积木克雷圣剑战车	http://mobile.yangkeduo.com/goods.html?goods_id=3481981133
null	0	0	0	宝龙玩具	兼容乐高城市幻影忍者空术神庙龙命运赏赐号益智拼装积木男孩玩具	http://mobile.yangkeduo.com/goods.html?goods_id=486983228
null	0	0	0	宝龙玩具	乐拼02097兼容乐高60174城市系列山地特警总部拼装插积木益智玩具	http://mobile.yangkeduo.com/goods.html?goods_id=3302762858
-1	0	0	0	宝龙玩具	乐拼积木加勒比海盗船黑珍珠号16006兼容乐高4184拼装插积木玩具	http://mobile.yangkeduo.com/goods.html?goods_id=3302897603
null	0	0	0	宝龙玩具	兼容乐高积木幻影忍者儿童拼插装玩具益智男孩未来骑士团我的世界	http://mobile.yangkeduo.com/goods.html?goods_id=3483067396
null	0	0	0	宝龙玩具	兼容乐高未来骑士团人仔积木幻影忍者儿童益智拼装男孩抽抽乐玩具	http://mobile.yangkeduo.com/goods.html?goods_id=3527410384
null	0	0	268	乐博玩具	小颗粒积木兼容乐高积木乐拼装益智玩具6合1恐龙模型儿童玩具DIY	http://mobile.yangkeduo.com/goods.html?goods_id=591118169
null	0	0	175	乐博玩具	【开学礼物】兼容乐高小颗粒积木拼装玩具拼图玩具军事城市重甲战斗机坦克战车重型装甲炮台小男孩玩具车6-10-12岁儿童益智	http://mobile.yangkeduo.com/goods.html?goods_id=376874593
null	0	0	152	乐博玩具	【当天发货】【亏本冲量】动物世界小颗粒积木兼容乐高男孩礼物6-8-10-12岁拼装插启蒙益智组装儿童男女孩宝宝塑料玩具	http://mobile.yangkeduo.com/goods.html?goods_id=299758762
null	0	0	120	乐博玩具	【多规格可选】小颗粒积木兼容乐高积木益智拼装玩具6合1恐龙模型12种变化儿童玩具男孩女孩DIY启蒙拼装5-6-8-10岁	http://mobile.yangkeduo.com/goods.html?goods_id=577592778
null	0	0	42	乐博玩具	兼容乐拼乐高城市建筑系列CITY大卡车大货车益智拼装小颗粒积木玩具吊工程推土翻斗挖掘钻路叉碎石铲车男孩6-10岁礼盒物	http://mobile.yangkeduo.com/goods.html?goods_id=358813460
null	0	0	41	乐博玩具	【亏本冲量】【开学礼物】积木新款恐龙蛋型积木家具系列女孩玩具兼容乐高积木拼装家庭布景小颗粒积木家具启蒙6岁益智塑料小学生	http://mobile.yangkeduo.com/goods.html?goods_id=406482954
null	0	0	36	乐博玩具	【拼装积木】恐龙蛋形兼容乐高动物世界益智塑料小颗粒玩具6-12岁	http://mobile.yangkeduo.com/goods.html?goods_id=583531887
null	0	0	26	乐博玩具	【多规格可选】【环保材料】【安全无毒】小颗粒积木兼容乐高积木乐拼益智拼装玩具军事系列六合一坦克战车飞机潜艇拼装	http://mobile.yangkeduo.com/goods.html?goods_id=598479568
null	0	0	14	乐博玩具	【新品大促】兼容乐高动物扭蛋拼装男女孩小颗粒积木儿童玩具学校奖品益智6款合体飞行器6-7-8岁狮王猎豹庞猪赤马野牛巨象兽	http://mobile.yangkeduo.com/goods.html?goods_id=724778980
null	0	0	14	乐博玩具	滑行四驱车积木玩具拼装兼容乐高儿童益智男孩礼物旋风冲锋赛车	http://mobile.yangkeduo.com/goods.html?goods_id=939401904
null	1302	1538	5116	小小C玩具店	乐高积木幻影忍者拼装人仔大电影男孩6-15岁儿童生日礼物益智玩具	http://mobile.yangkeduo.com/goods.html?goods_id=1293431554
null	0	4	27384	小小C玩具店	乐高积木幻影忍者系列益智拼装大电影人仔男女孩儿童玩具我的世界	http://mobile.yangkeduo.com/goods.html?goods_id=9061845
null	2	3	1099	小小C玩具店	乐高积木我的世界拼装大小颗粒男孩儿童益智玩具矿井村庄机关山洞	http://mobile.yangkeduo.com/goods.html?goods_id=8658262
null	0	2	1382	小小C玩具店	乐高积木拼装城市警察局系列消防局军事航天飞机汽车男孩儿童玩具	http://mobile.yangkeduo.com/goods.html?goods_id=37975884
null	0	1	30	小小C玩具店	乐拼06020幻影忍者系列命运赏赐号大决战拼装 乐高积木玩具	http://mobile.yangkeduo.com/goods.html?goods_id=23760515
null	0	0	193	小小C玩具店	兼容乐高拼装军事野战部队军事积木人仔儿童益智男孩城市玩具	http://mobile.yangkeduo.com/goods.html?goods_id=55935538
null	0	0	104	小小C玩具店	乐高积木 火线争锋越野军事拼装积木儿童益智城市积木玩具	http://mobile.yangkeduo.com/goods.html?goods_id=55975850
null	0	0	55	小小C玩具店	乐高城市拼装积木军事儿童玩具航天神十长征二号火箭发射站	http://mobile.yangkeduo.com/goods.html?goods_id=8658836
null	0	0	27	小小C玩具店	兼容乐高拼装插积木小颗粒玩具发货随机多色拆件器配件	http://mobile.yangkeduo.com/goods.html?goods_id=20921364
null	0	0	13	小小C玩具店	乐高积木女孩拼装益智玩具好朋友系列冰雪奇缘城堡6-7-8-10岁	http://mobile.yangkeduo.com/goods.html?goods_id=1176218362
null	2	8	421	MOC积木店	兼容乐高异形铁血战士蝙蝠侠树人哥斯拉怪兽奥特曼拼装积木人仔	http://mobile.yangkeduo.com/goods.html?goods_id=1682206109
null	0	2	12	MOC积木店	复仇联盟三单款灭霸带拳套七彩宝石拼装积木人仔儿童益智玩具	http://mobile.yangkeduo.com/goods.html?goods_id=2096336390
null	1	1	63	MOC积木店	兼容乐高复仇联盟3无限战争钢铁侠蜘蛛侠黑豹灭霸手套积木玩具	http://mobile.yangkeduo.com/goods.html?goods_id=2079723259
null	0	1	14	MOC积木店	兼容乐高幻影忍者大集合拼插积木人仔儿童益智玩具蛇怪陈大师凯杰	http://mobile.yangkeduo.com/goods.html?goods_id=1573402929
null	0	0	116	MOC积木店	丛林动物拼装积木玩具黑豹 老虎 骆驼 美洲狮 雪豹 金钱豹 白虎	http://mobile.yangkeduo.com/goods.html?goods_id=2058980766
null	0	0	58	MOC积木店	侏罗纪公园恐龙兼容乐高迅猛龙三角龙霸王龙伶盗龙拼装积木玩具	http://mobile.yangkeduo.com/goods.html?goods_id=2705712296
null	0	0	29	MOC积木店	兼容乐高幻影忍者小人仔X0112飞天海盗猛壮美人纳达可汗积木玩具	http://mobile.yangkeduo.com/goods.html?goods_id=1615825110
null	0	0	10	MOC积木店	复仇联盟创意积木钥匙扣拼插积木人仔兼容乐高钢铁侠 黑豹 超人	http://mobile.yangkeduo.com/goods.html?goods_id=1913523830
null	0	0	9	MOC积木店	42款抽抽乐拼装积木人仔兼容乐高儿童益智类男孩女孩玩具	http://mobile.yangkeduo.com/goods.html?goods_id=1685565299
null	0	0	8	MOC积木店	悟空单品第三方七龙珠系列拼装人仔积木玩具兼容乐高玩具9.9包邮	http://mobile.yangkeduo.com/goods.html?goods_id=2069901936
null	16	74	28563	美尚母婴玩具	兼容乐高拼装积木益智男孩女孩子拼装玩具军事消防警察变形坦克	http://mobile.yangkeduo.com/goods.html?goods_id=461792606
null	5	14	1932	美尚母婴玩具	兼容乐高拼装积木儿童益智力拼装玩具军事消防警察变形坦克男孩子	http://mobile.yangkeduo.com/goods.html?goods_id=980006628
null	1	7	1696	美尚母婴玩具	兼容乐高拼装积木军事拼装模型益智儿童启蒙玩具坦克飞机男孩子10	http://mobile.yangkeduo.com/goods.html?goods_id=863959983
null	0	4	123	美尚母婴玩具	兼容乐高拼装积木益智拼装玩具军事消防警察变形卡车男孩子3-6-12	http://mobile.yangkeduo.com/goods.html?goods_id=2707187095
null	0	3	167	美尚母婴玩具	【亏本冲量】兼容乐高拼装积木军事坦克8城市警察局工程车3-6周岁	http://mobile.yangkeduo.com/goods.html?goods_id=466321566
null	0	2	967	美尚母婴玩具	兼容乐高积木男孩子8儿童拼装玩具益智力9城市警察系列10拼装积木	http://mobile.yangkeduo.com/goods.html?goods_id=1224887634
null	0	0	916	美尚母婴玩具	兼容乐高拼装积木益智拼装玩具军事消防警察变形坦克飞机拼装玩具	http://mobile.yangkeduo.com/goods.html?goods_id=536823790
null	0	0	445	美尚母婴玩具	拼装兼容乐高积木益智拼装变形金刚机器人擎天柱大黄蜂儿童玩具	http://mobile.yangkeduo.com/goods.html?goods_id=2212497266
null	0	0	85	美尚母婴玩具	拼装积木男孩子军事拼装警察儿童益智玩具5-6-8-10-12岁礼物	http://mobile.yangkeduo.com/goods.html?goods_id=466093048
null	0	0	27	美尚母婴玩具	拼装积木男孩子军事拼装警察儿童益智玩具5-6-8-10-12岁礼物	http://mobile.yangkeduo.com/goods.html?goods_id=461725450
null	3	7	462	积木玩子	乐高我的世界机关山洞人仔积木男孩子6村庄房子树屋儿童9拼装玩具	http://mobile.yangkeduo.com/goods.html?goods_id=84827221
null	0	1	33	积木玩子	乐高我的世界机关山洞积木人仔村庄房子拼装益智男孩子小学生玩具	http://mobile.yangkeduo.com/goods.html?goods_id=3491572512
null	0	0	1421	积木玩子	星球大战拼装乐高机器人军事战机积木千年隼7-10岁男孩拼装玩具8	http://mobile.yangkeduo.com/goods.html?goods_id=54320319
null	0	0	401	积木玩子	新款乐高幻影忍者大电影飞龙机甲战车积木玩具益智拼装儿童10岁	http://mobile.yangkeduo.com/goods.html?goods_id=54895583
null	0	0	245	积木玩子	新款乐高城市特警系列高速追捕直升飞机拼装积木男孩子益智玩具	http://mobile.yangkeduo.com/goods.html?goods_id=77723796
null	0	0	50	积木玩子	新款乐高乐拼未来骑士团移动要塞人仔拼装积木玩具男孩克雷战车10	http://mobile.yangkeduo.com/goods.html?goods_id=16855660
null	0	0	43	积木玩子	我的世界兼容乐高儿童益智拼装积木8男孩子女孩10岁玩具9矿井礼物	http://mobile.yangkeduo.com/goods.html?goods_id=3348638841
null	0	0	39	积木玩子	拼装乐高极地探险系列6儿童拼装9积木男孩子益智力小学生8大电影7	http://mobile.yangkeduo.com/goods.html?goods_id=16911356
null	0	0	29	积木玩子	我的世界拼装乐高积木男孩子女孩益智力拼图儿童6小学生10岁9玩具	http://mobile.yangkeduo.com/goods.html?goods_id=3347646982
null	0	0	22	积木玩子	乐高星球大战暴风兵黑武士人物格里弗斯将军人仔拼装积木玩具	http://mobile.yangkeduo.com/goods.html?goods_id=16990277
null	4	10	168	欢乐百分百	乐高幻忍者积木双元素黄金神龙机甲加满都拼装益智6玩具8岁	http://mobile.yangkeduo.com/goods.html?goods_id=1513646480
null	2	9	281	欢乐百分百	乐高幻影忍者积木黄金双元素龙人仔夜行车益智男孩玩具6-14岁	http://mobile.yangkeduo.com/goods.html?goods_id=255944540
null	4	7	520	欢乐百分百	乐高幻影忍者大电影系列绿忍者飞天机甲神龙拼装益智积木玩具	http://mobile.yangkeduo.com/goods.html?goods_id=102164753
null	1	6	398	欢乐百分百	乐高幻影忍者大电影黄金人仔偶蛇怪拼装益智积木玩具6-8-12岁	http://mobile.yangkeduo.com/goods.html?goods_id=255682711
null	1	3	1786	欢乐百分百	新品乐高幻影忍者劳埃德高速夜行车大电影双头龙拼装积木玩具	http://mobile.yangkeduo.com/goods.html?goods_id=21996666
null	1	3	360	欢乐百分百	乐高积木黄金人仔双元素神龙拼装益智玩具幻影忍者6-14岁神庙	http://mobile.yangkeduo.com/goods.html?goods_id=21589673
null	0	0	111	欢乐百分百	我的世界植物大战僵尸兼容乐高拼插益智积木男孩矿井农场儿童玩具	http://mobile.yangkeduo.com/goods.html?goods_id=21570399
null	0	0	59	欢乐百分百	【年终大促 6折优惠】兼容乐高未来骑士团系列英雄崛起战斗机甲拼装拼插益智早教积木玩具乐拼14024	http://mobile.yangkeduo.com/goods.html?goods_id=180997813
null	0	0	39	欢乐百分百	兼容高幻影忍者龙族系列红色焱火霹雳龙拼装积木人仔玩具6-14岁	http://mobile.yangkeduo.com/goods.html?goods_id=255952154
null	0	0	35	欢乐百分百	【可变形】兼容乐高幻影忍者积木命运赏赐号双头龙益智玩具6-14岁	http://mobile.yangkeduo.com/goods.html?goods_id=194415397
null	13	29	1414	小米宝宝好	我的世界橡皮擦拼龙方块人学生创意卡通公仔可爱乐高迷你积木玩具	http://mobile.yangkeduo.com/goods.html?goods_id=894981485
null	8	16	130	小米宝宝好	橡皮擦小学生学习文具我的世界方块人造型可爱拼装末影龙卡通干净	http://mobile.yangkeduo.com/goods.html?goods_id=3306452704
null	3	5	326	小米宝宝好	兼容乐高科技机械布加迪威龙男女孩子组装积木拼保时捷玩具礼物9	http://mobile.yangkeduo.com/goods.html?goods_id=7649506
null	2	2	334	小米宝宝好	儿童小孩宝宝我的世界乐高积木迷你男孩益智8拼装房子10玩具女12	http://mobile.yangkeduo.com/goods.html?goods_id=7777511
null	0	0	203	小米宝宝好	乐高积木女孩公主别墅温莎城堡梦影仙城拼装玩具儿童生日礼物8-12	http://mobile.yangkeduo.com/goods.html?goods_id=13526060
null	0	0	130	小米宝宝好	乐高积木叶罗丽娃娃女孩拼装仙子冰公主梦幻儿童益智六一玩具8-10	http://mobile.yangkeduo.com/goods.html?goods_id=549397250
null	0	0	74	小米宝宝好	乐高积木女孩爱莎冰雪奇缘城堡冰公主迪士尼好朋友益智拼装61礼物	http://mobile.yangkeduo.com/goods.html?goods_id=1236476321
null	0	0	14	小米宝宝好	乐高女孩积木公主城堡爱莎的冰雪奇缘雪景别墅好朋友学生8-10-12	http://mobile.yangkeduo.com/goods.html?goods_id=7918658
null	0	0	10	小米宝宝好	乐高积木我的世界玩具男孩拼装儿童方块人物益智房子村庄山洞遗迹	http://mobile.yangkeduo.com/goods.html?goods_id=1917209604
null	0	0	7	小米宝宝好	乐高42077拉力赛车机械组积木儿童拼装沙漠越野汽车玩具男孩将牌	http://mobile.yangkeduo.com/goods.html?goods_id=7834239
null	8	31	332	尖端童趣玩具	启蒙乐高积木战警车合体拼装机器人模型儿童益智六一玩具变形1802	http://mobile.yangkeduo.com/goods.html?goods_id=2838693829
null	1	1	40	尖端童趣玩具	启蒙积木极速锋影战车兼容乐高城市工程车拼装玩具拼插汽车男孩	http://mobile.yangkeduo.com/goods.html?goods_id=847300984
null	0	0	26	尖端童趣玩具	星堡积木中华街街景兼容乐高积木拼装儿童玩具模型成人乐拼积木	http://mobile.yangkeduo.com/goods.html?goods_id=2367725527
null	0	0	24	尖端童趣玩具	兼容乐高启蒙城市系列拼装益智积木塑料拼插男孩玩具	http://mobile.yangkeduo.com/goods.html?goods_id=237477396
null	0	0	19	尖端童趣玩具	启蒙海底小纵队章鱼堡舰艇兼容乐高男女孩子儿童拼装益智积木玩具	http://mobile.yangkeduo.com/goods.html?goods_id=2597941817
null	0	0	7	尖端童趣玩具	启蒙积木樂高玩具海盗船系列儿童益智拼装6男孩子7模型8玩具9岁10	http://mobile.yangkeduo.com/goods.html?goods_id=2878006341
null	0	0	6	尖端童趣玩具	兼容乐高沃马得高动感赛车小颗粒拼装积木城市汽车回力车男孩礼物	http://mobile.yangkeduo.com/goods.html?goods_id=726337210
null	0	0	4	尖端童趣玩具	潘洛斯拼插颗粒积木益智塑料成人拼装上海城市街景缩影玩具礼物	http://mobile.yangkeduo.com/goods.html?goods_id=2840748361
null	0	0	3	尖端童趣玩具	森宝积木小颗粒迷你街景益智拼装男孩女孩6-12岁拼插积木儿童玩具	http://mobile.yangkeduo.com/goods.html?goods_id=2366266779
null	0	0	3	尖端童趣玩具	小鲁班兼容高拼装玩具空中巴士飞机模型国际机场男孩益智启蒙积木	http://mobile.yangkeduo.com/goods.html?goods_id=2853216963
null	22	71	605	臭虾oo	芭比娃娃可儿乐吉儿婚纱公主爆款仿真换装洋娃娃女孩过家家玩偶	http://mobile.yangkeduo.com/goods.html?goods_id=3291863413
null	1	4	211	臭虾oo	积变英雄智乐拼积木8合1兼容乐高男孩益智汽车变形金刚机器人玩具	http://mobile.yangkeduo.com/goods.html?goods_id=2934799462
null	0	1	11	臭虾oo	【五合一】蒙巴迪魂之刃男孩女孩儿童变形武器益智玩具	http://mobile.yangkeduo.com/goods.html?goods_id=1349103574
null	0	0	31	臭虾oo	芭比娃娃可儿乐吉儿凯丽婚纱公主套装洋娃娃礼盒装女孩过家家玩具	http://mobile.yangkeduo.com/goods.html?goods_id=3013007338
null	0	0	14	臭虾oo	芭比娃娃仿真礼服洋娃娃大礼盒婚纱公主女孩过家家装扮爆款玩具	http://mobile.yangkeduo.com/goods.html?goods_id=3047269901
null	0	0	13	臭虾oo	智乐拼积木 8合1积变英雄兼容乐高男孩儿童益智汽车变形金刚玩具	http://mobile.yangkeduo.com/goods.html?goods_id=1515114829
null	0	0	12	臭虾oo	集木良品 火影忍者系列儿童男孩女孩兼容乐高拼装益智积木玩具	http://mobile.yangkeduo.com/goods.html?goods_id=1539612035
null	0	0	3	臭虾oo	巧乐童益智积木红色警界多功能步兵车男孩女孩儿童特种兵拼装玩具	http://mobile.yangkeduo.com/goods.html?goods_id=2532384757
null	0	0	2	臭虾oo	巧乐童益智积木红色警界超时空采矿车男孩女孩儿童特种兵拼装玩具	http://mobile.yangkeduo.com/goods.html?goods_id=2941734057
null	0	0	2	臭虾oo	巧乐童南极探险双侧运输机兼容乐高儿童男孩女孩益智积木乐星玩具	http://mobile.yangkeduo.com/goods.html?goods_id=2660096478
null	10	23	1335	高乐拼装积木玩具	乐高积木大颗粒托马斯小火车数字拼装益智玩具男孩女孩幼儿园玩具	http://mobile.yangkeduo.com/goods.html?goods_id=1023739485
null	3	13	450	高乐拼装积木玩具	乐高复仇者联盟3超级英雄钢铁侠机甲积木灭霸反浩克装甲拼装玩具6	http://mobile.yangkeduo.com/goods.html?goods_id=1901566143
null	0	7	890	高乐拼装积木玩具	乐高漫威超级英雄钢铁侠机甲复仇联盟反浩克装甲积木儿童玩具男孩	http://mobile.yangkeduo.com/goods.html?goods_id=1369997091
null	1	3	603	高乐拼装积木玩具	医生玩具套装儿童过家家仿真医药箱男孩女孩hellokitty凯蒂猫宝宝	http://mobile.yangkeduo.com/goods.html?goods_id=1016513597
null	0	1	247	高乐拼装积木玩具	乐高积木星球大战幻影忍者漫威超级英雄人仔男孩女孩益智拼装玩具	http://mobile.yangkeduo.com/goods.html?goods_id=1138562153
null	0	1	161	高乐拼装积木玩具	乐高积木益智拼装变形金刚机器人擎天柱大黄蜂男孩6-10岁儿童玩具	http://mobile.yangkeduo.com/goods.html?goods_id=1618921970
null	0	0	261	高乐拼装积木玩具	女孩积木拼装城堡公主别墅冰雪奇缘人物房子乐高玩具儿童益智拼图	http://mobile.yangkeduo.com/goods.html?goods_id=995316505
null	0	0	197	高乐拼装积木玩具	乐高星球大战积木人仔飞船机器人战车拼装益智儿童玩具男孩6-10岁	http://mobile.yangkeduo.com/goods.html?goods_id=950250006
null	0	0	182	高乐拼装积木玩具	乐高积木未来骑士团人仔劳埃德战车机甲幻影忍者拼装益智男孩玩具	http://mobile.yangkeduo.com/goods.html?goods_id=987311447
null	0	0	90	高乐拼装积木玩具	儿童过家家小医生玩具套装仿真医药箱小孩宝宝医院打针女孩玩具	http://mobile.yangkeduo.com/goods.html?goods_id=1450638717
null	4	11	663	小积木大世界	积木底板兼容乐高博乐博士积高拼装小颗粒玩具幼儿园积木墙多规格	http://mobile.yangkeduo.com/goods.html?goods_id=395822094
null	2	2	287	小积木大世界	儿童玩具积木收纳地毯快速束口整理袋大号野餐垫玩具收纳袋多规格	http://mobile.yangkeduo.com/goods.html?goods_id=470049514
null	0	2	5	小积木大世界	费乐兼容乐高大颗粒积木拼装男女孩3-6周岁儿童早教益智玩具批发	http://mobile.yangkeduo.com/goods.html?goods_id=1559762724
null	0	1	4	小积木大世界	费乐兼容乐高树林滑道轨道积木拼装大颗粒男女孩3-6周岁儿童玩具	http://mobile.yangkeduo.com/goods.html?goods_id=1560788813
null	0	0	193	小积木大世界	兼容乐高惠美邦宝大颗粒积木底板幼儿园拼装构建积木墙益智玩具3+	http://mobile.yangkeduo.com/goods.html?goods_id=1054255542
null	0	0	51	小积木大世界	【送八大礼品】兼容乐高博乐拼小颗粒基础件益智拼装积木散件玩具	http://mobile.yangkeduo.com/goods.html?goods_id=389551831
null	0	0	10	小积木大世界	送八大礼品】兼容乐博士邦宝小颗粒基础件特殊件拼装积木益智玩具	http://mobile.yangkeduo.com/goods.html?goods_id=409859040
null	0	0	6	小积木大世界	兼容乐高惠美大颗粒积木拼装拼插建构塑料积木玩具场景1-3-6周岁	http://mobile.yangkeduo.com/goods.html?goods_id=1054330417
null	0	0	5	小积木大世界	澳洲积木1000片升级版兼容乐高小颗粒积木基础件特殊件功能件玩具	http://mobile.yangkeduo.com/goods.html?goods_id=779623867
null	0	0	3	小积木大世界	幼儿园积木墙兼容乐高惠美大颗粒积木儿童益智早教玩具多规格可选	http://mobile.yangkeduo.com/goods.html?goods_id=3041545717
null	11	50	6453	萌贝木玩	60/100/200片儿童拼图木质宝宝男女孩3-4-6-7岁幼儿园益智力玩具	http://mobile.yangkeduo.com/goods.html?goods_id=3281139906
null	13	32	83	萌贝木玩	儿童教具玩具加减法木质数字运算数学多米诺骨牌早教启蒙益智积木	http://mobile.yangkeduo.com/goods.html?goods_id=3796331648
null	0	0	15	萌贝木玩	儿童数字运算多米诺骨牌,男女孩宝宝早教益智积木玩具	http://mobile.yangkeduo.com/goods.html?goods_id=3555846779
null	0	0	0	萌贝木玩	儿童双面磁性拼拼乐画板写字板十二生肖拼图积木益智启蒙早教玩具	http://mobile.yangkeduo.com/goods.html?goods_id=3554422437
null	0	0	0	萌贝木玩	儿童木质打地鼠早教玩具男女孩敲打敲击双锤卡通游戏益智力积木	http://mobile.yangkeduo.com/goods.html?goods_id=3554458446
null	0	0	0	萌贝木玩	儿童幼儿木质趣味磁性捉虫抓虫钓虫游戏1-2-3岁宝宝益智钓鱼玩具	http://mobile.yangkeduo.com/goods.html?goods_id=3555838971
null	0	0	0	萌贝木玩	200/300片铁盒儿童拼图2-3-4-6-8-10岁幼儿早教益智力积木质玩具	http://mobile.yangkeduo.com/goods.html?goods_id=3895111747
null	-1	-1	0	萌贝木玩	称重平衡天平秤幼儿园大班中班仿真国家级儿童木制益智早教具玩具	http://mobile.yangkeduo.com/goods.html?goods_id=3554325108
null	-1	-1	0	萌贝木玩	计算架幼儿园小学生计数器数学算数棒儿童珠算盘算术教具早教玩具	http://mobile.yangkeduo.com/goods.html?goods_id=3554480106
null	-1	-1	0	萌贝木玩	儿童木质打地鼠早教玩具男女孩敲打敲击双锤卡通游戏益智力积木	http://mobile.yangkeduo.com/goods.html?goods_id=3554482067
null	2	4	759	晨阳玩具	乐高未来骑士团移动要塞拼装益智积木玩具男孩子6-12岁8幻影忍者	http://mobile.yangkeduo.com/goods.html?goods_id=1793116954
null	2	4	65	晨阳玩具	环太平洋2Q版合体机甲怪兽模型复仇流浪者兼容乐高积木拼装男孩子	http://mobile.yangkeduo.com/goods.html?goods_id=1234490858
null	2	3	290	晨阳玩具	兼容乐高超级英雄复仇者联盟3钢铁侠反浩克装甲机甲乐拼07102积木	http://mobile.yangkeduo.com/goods.html?goods_id=2172884248
null	0	3	90	晨阳玩具	乐拼07105雷神灭霸兼容乐高复联复仇者联盟3无限战争积木人仔玩具	http://mobile.yangkeduo.com/goods.html?goods_id=2173186153
null	0	2	156	晨阳玩具	兼容乐高儿童益智拼装小盒积木玩具组装汽车飞机工程军事男孩礼物	http://mobile.yangkeduo.com/goods.html?goods_id=1237448302
null	1	2	31	晨阳玩具	星钻积木恐龙三变积变战士合体变形男孩子儿童乐高拼装益智玩具	http://mobile.yangkeduo.com/goods.html?goods_id=1728588125
null	0	1	26	晨阳玩具	兼容乐高幻影忍者人仔小颗粒积木人偶益智拼装玩具城市军事警察	http://mobile.yangkeduo.com/goods.html?goods_id=1237449571
null	0	0	556	晨阳玩具	启蒙兼容乐高积木儿童小颗粒益智拼装玩具男孩子3组装4拼接5周岁6	http://mobile.yangkeduo.com/goods.html?goods_id=1235714996
null	0	0	49	晨阳玩具	乐吉儿套装大礼盒公主玩具别墅城堡女孩洋娃娃明星衣橱芭比娃娃	http://mobile.yangkeduo.com/goods.html?goods_id=1752260307
null	0	0	23	晨阳玩具	乐拼07104积木复仇者联盟3无限战争护卫运输机攻击76101 益智玩具	http://mobile.yangkeduo.com/goods.html?goods_id=2173467997
null	16	40	3291	北山羊母婴玩具店	送人偶合金车模型玩具车120救护车悍马警车回力声光汽车小车子	http://mobile.yangkeduo.com/goods.html?goods_id=63085780
null	5	8	265	北山羊母婴玩具店	【电动托马斯轨道】送2个人偶小火车头带音乐发光电动带车厢	http://mobile.yangkeduo.com/goods.html?goods_id=354866409
null	4	6	4460	北山羊母婴玩具店	6/12只装】合金套装滑行跑车玩具车口袋迷你汽车模型儿童宝宝玩具	http://mobile.yangkeduo.com/goods.html?goods_id=15520547
null	0	2	4366	北山羊母婴玩具店	托马斯轨道合金托马斯小火车头套装金属磁性儿童玩具回力车	http://mobile.yangkeduo.com/goods.html?goods_id=15341268
null	0	1	1309	北山羊母婴玩具店	【送轨道+2人偶】磁性合金托马斯小火车头套装轨道儿童玩具小车子	http://mobile.yangkeduo.com/goods.html?goods_id=12188518
null	0	1	1133	北山羊母婴玩具店	六只装合金小车子】赛汽车总动员麦昆耐摔玩具套装儿童模型滑行车	http://mobile.yangkeduo.com/goods.html?goods_id=57919563
null	0	1	324	北山羊母婴玩具店	合金车兰博基尼汽车模型灯光动感音响回力车模型玩具男孩小车子	http://mobile.yangkeduo.com/goods.html?goods_id=52166593
null	0	0	1480	北山羊母婴玩具店	3送1合金车头仿真工程车消防车货柜油罐儿童玩具小汽车模型套装	http://mobile.yangkeduo.com/goods.html?goods_id=34471057
null	0	0	455	北山羊母婴玩具店	1:32丰田霸道普拉多SUV陆地巡洋舰合金汽车模型儿童玩具车礼物	http://mobile.yangkeduo.com/goods.html?goods_id=71538972
null	0	0	407	北山羊母婴玩具店	【合金】AWP狙击枪模型冲锋枪狙击步枪4D拼装模型摆件不能打子弹	http://mobile.yangkeduo.com/goods.html?goods_id=21525643
null	4	7	486	国安玩具店	48颗装儿童益智软积木吸吸乐拼搭玩具桌面亲子玩具吸吸乐吸吸球	http://mobile.yangkeduo.com/goods.html?goods_id=283831498
null	0	0	833	国安玩具店	【生活减压】网红抖音魔术流体手环撩妹创意减压魔术益智健身玩具	http://mobile.yangkeduo.com/goods.html?goods_id=331962203
null	0	0	81	国安玩具店	26颗儿童益智软积木吸吸乐玩具拼搭玩具3-6-7岁桌面亲子玩具	http://mobile.yangkeduo.com/goods.html?goods_id=283979040
null	0	0	50	国安玩具店	儿童拼搭积木玩具益智拼搭组合拼装拼插益智积木创意塑料玩具	http://mobile.yangkeduo.com/goods.html?goods_id=292615886
null	0	0	47	国安玩具店	儿童益智软积木吸吸乐玩具拼搭玩具3-6-7岁桌面亲子玩具	http://mobile.yangkeduo.com/goods.html?goods_id=284094523
null	0	0	13	国安玩具店	波普儿童弱视训练穿珠子diy宝宝手工无绳串串珠玩具项链小孩女孩	http://mobile.yangkeduo.com/goods.html?goods_id=293402430
null	0	0	7	国安玩具店	【特价】海绵宝宝正版小火车拼装轨道车电动跑道儿童益智玩具车	http://mobile.yangkeduo.com/goods.html?goods_id=356134697
null	0	0	7	国安玩具店	软弹枪高乐高儿童拼插积木枪可发射益智组装亲子桌面玩具男孩礼物	http://mobile.yangkeduo.com/goods.html?goods_id=292022054
null	0	0	4	国安玩具店	35颗儿童益智吸吸乐拼装蜘蛛人软积木吸吸球硅胶拼搭玩具吸扭棒	http://mobile.yangkeduo.com/goods.html?goods_id=301341451
null	0	0	4	国安玩具店	36颗大颗粒儿童益智软积木吸吸乐拼搭玩具3-6-7岁桌面亲子玩具	http://mobile.yangkeduo.com/goods.html?goods_id=282984378
null	2	6	1231	男女孩拼装积木商城	乐高城市警察系列大卡车货车拼装积木人仔我的世界火车小孩玩具10	http://mobile.yangkeduo.com/goods.html?goods_id=406771681
null	0	6	492	男女孩拼装积木商城	2018乐高幻影忍者飞天大师旋转术陀螺对战人仔玩具劳埃德 凯积木	http://mobile.yangkeduo.com/goods.html?goods_id=593354358
null	0	1	1	男女孩拼装积木商城	兼容乐高未来骑士团2018年新品乐拼14040陆空合体攻击车拼装积木	http://mobile.yangkeduo.com/goods.html?goods_id=2137129346
null	0	0	21	男女孩拼装积木商城	乐拼兼容乐高星球大战侠盗一号帝国AT-ST步行机甲05066拼装积木	http://mobile.yangkeduo.com/goods.html?goods_id=412777781
null	0	0	3	男女孩拼装积木商城	兼容乐高未来骑士团系列14041狂战士轰炸机拼装积木玩具	http://mobile.yangkeduo.com/goods.html?goods_id=2137108798
null	0	0	2	男女孩拼装积木商城	乐拼幻影忍者系列大电影重型捕龙卡车兼容70654拼装积木玩具06089	http://mobile.yangkeduo.com/goods.html?goods_id=2416639651
null	0	0	0	男女孩拼装积木商城	兼容乐高乐拼未来骑士团系列72006重武装移动履带车积木玩具14042	http://mobile.yangkeduo.com/goods.html?goods_id=2137129355
null	0	0	0	男女孩拼装积木商城	兼容乐高未来骑士团系列乐拼14036石头巨魔大决战70356拼装积木	http://mobile.yangkeduo.com/goods.html?goods_id=2137271718
null	0	0	0	男女孩拼装积木商城	兼容乐高未来骑士团乐拼14035阿隆的攀岩越野战车70355拼装积木	http://mobile.yangkeduo.com/goods.html?goods_id=2137277613
null	0	0	0	男女孩拼装积木商城	乐拼14037兼容乐高未来骑士团系列骑士王国城堡70357拼插积木玩具	http://mobile.yangkeduo.com/goods.html?goods_id=2137288233
null	3	10	290	益乐趣玩具	AJ兼容乐高芝加哥黑脚趾扣碎闪电AJ球鞋微钻石积木创意男友礼物DI	http://mobile.yangkeduo.com/goods.html?goods_id=2724627259
null	0	1	10	益乐趣玩具	【机械组科技系列】082特技喷气机兼容乐高积木趣味玩具拼装积木	http://mobile.yangkeduo.com/goods.html?goods_id=121058789
null	0	1	6	益乐趣玩具	厂家直销油画刀丙烯油画刮刀铲颜料水彩水粉调色刀5件套美术专用	http://mobile.yangkeduo.com/goods.html?goods_id=2746512022
null	0	1	3	益乐趣玩具	aj积木鞋芝加哥黑红脚趾扣碎闪电AJ周边兼容乐高积木男孩创意礼物	http://mobile.yangkeduo.com/goods.html?goods_id=3792829256
null	0	0	33	益乐趣玩具	韩国创意高光素描电动橡皮擦美术绘画自动橡皮擦干净风扇免运费	http://mobile.yangkeduo.com/goods.html?goods_id=2729147308
null	0	0	26	益乐趣玩具	兼容乐高aj11乔丹积木鞋模型AJ周边黑红白蓝微型积木拼装创意礼物	http://mobile.yangkeduo.com/goods.html?goods_id=3015325603
null	0	0	13	益乐趣玩具	aj积木鞋鸳鸯黑红脚趾闪电AJ禁穿周边球鞋兼容乐高式颗粒积木礼物	http://mobile.yangkeduo.com/goods.html?goods_id=3149930410
null	0	0	7	益乐趣玩具	BALODY贝乐迪小颗粒拼装积木玩具益智宝宝塑料积木拼插男孩汪汪队	http://mobile.yangkeduo.com/goods.html?goods_id=3006723702
null	0	0	6	益乐趣玩具	【益乐拼兼容乐高】三合一街头赛车拼装积木益智男孩女孩玩具304	http://mobile.yangkeduo.com/goods.html?goods_id=77401580
null	0	0	3	益乐趣玩具	医生过家家厨房益智玩具套装 煮饭仿真餐具 工具医具化妆手提箱	http://mobile.yangkeduo.com/goods.html?goods_id=2483816982
null	0	2	6	AE达达兔	RIHIO 无限深远 万能拼装机甲模型 MM001 突击+后勤套装 全新现货	http://mobile.yangkeduo.com/goods.html?goods_id=3621474355
null	0	1	7	AE达达兔	黑曼巴 改良版 LS02警车MPM05路障 LS01氮气宙斯 ko 变形玩具金刚	http://mobile.yangkeduo.com/goods.html?goods_id=3127926940
null	1	1	6	AE达达兔	BSL-01禁闭 变色龙 原大KO版UT禁闭 送三狗变形玩具金刚电影 现货	http://mobile.yangkeduo.com/goods.html?goods_id=3308601667
288	0	1	3	AE达达兔	乐拼 复联3钢铁侠 反浩克装甲07101 神盾局航母 拼装积木兼容乐高	http://mobile.yangkeduo.com/goods.html?goods_id=3409033082
null	0	1	2	AE达达兔	酷变宝kbb擎天柱mp10v黑色白色柯博文OP车厢变形玩具金刚模型礼物	http://mobile.yangkeduo.com/goods.html?goods_id=3241162575
null	0	0	18	AE达达兔	BPF恐龙小队 天元合体 修罗王 飞镖钢索铁渣淤泥嚎叫变形玩具金刚	http://mobile.yangkeduo.com/goods.html?goods_id=3141618523
null	0	0	10	AE达达兔	酷变宝KBB飞龙骑士放大版灾星亚瑟恐龙变形玩具金刚5模型现货包邮	http://mobile.yangkeduo.com/goods.html?goods_id=3147185567
null	0	0	7	AE达达兔	金宝混天豹放大战车队 冲云霄巨狰狞 五合体变形玩具金刚现货包邮	http://mobile.yangkeduo.com/goods.html?goods_id=3167180551
null	0	0	6	AE达达兔	威将头领战士人狼郭文蝙蝠魔小诸葛海龙飞鳄龙老顽固变形玩具金刚	http://mobile.yangkeduo.com/goods.html?goods_id=3133509678
null	0	0	4	AE达达兔	黑曼巴放大版路障 擎天骑士柱 飞机威震天 探长 变形玩具金刚电影	http://mobile.yangkeduo.com/goods.html?goods_id=3141960988
null	2	17	302	高乐积木	兼容乐高拼装积木军事小人仔公仔第三方MOC武器配件枪兵装备玩具	http://mobile.yangkeduo.com/goods.html?goods_id=1142985204
null	0	3	374	高乐积木	兼容乐高复仇者联盟反浩克钢铁侠重装机甲爱国者战争机器大人仔偶	http://mobile.yangkeduo.com/goods.html?goods_id=10209787
null	0	0	255	高乐积木	得高兼容乐高反浩克蜘蛛侠超级英雄幻影忍者积木拼装人仔儿童玩具	http://mobile.yangkeduo.com/goods.html?goods_id=10412946
null	0	0	223	高乐积木	杰高JG306美人鱼的海底宫殿迪斯尼公主女孩拼装积木玩具乐高41063	http://mobile.yangkeduo.com/goods.html?goods_id=44737257
null	0	0	193	高乐积木	兼容乐高超级英雄复仇者联盟人仔钢铁侠机甲反浩克装甲拼积木玩具	http://mobile.yangkeduo.com/goods.html?goods_id=36082024
null	0	0	102	高乐积木	兼容乐高积木军事部队城市系列警察局消防工程车开智拼装男孩玩具	http://mobile.yangkeduo.com/goods.html?goods_id=36075226
null	0	0	48	高乐积木	兼容乐高星球大战达斯维达暴风兵我的世界益智积木玩具生日礼物	http://mobile.yangkeduo.com/goods.html?goods_id=21482629
null	0	0	30	高乐积木	兼容乐高超级英雄复仇者联盟人仔钢铁侠机甲反浩克装甲拼积木玩具	http://mobile.yangkeduo.com/goods.html?goods_id=19143737
null	0	0	28	高乐积木	兼容乐高积木开智儿童军事小玩具儿童益智拼装飞机坦克模型6-12岁赠送拆件器	http://mobile.yangkeduo.com/goods.html?goods_id=10843499
null	0	-1	310	高乐积木	品高 加勒比海盗5积木人仔 机械僵尸幽灵鲨鱼 兼容乐高 SY欣宏	http://mobile.yangkeduo.com/goods.html?goods_id=16435224
null	2	2	226	玩具游乐园	兼容乐高未来骑士团能量盾牌	http://mobile.yangkeduo.com/goods.html?goods_id=3755867
null	0	0	352	玩具游乐园	乐拼未来骑士团人仔克雷战斗机甲兼容乐高积木14024拼装积木儿童益智玩具	http://mobile.yangkeduo.com/goods.html?goods_id=3798873
null	0	0	173	玩具游乐园	【入店领优惠券】【新款王者荣耀积木】兼容乐高 乐拼儿童益智积木玩具拼插后羿黄忠荆轲赵云亚瑟马可波罗	http://mobile.yangkeduo.com/goods.html?goods_id=5331689
null	0	0	107	玩具游乐园	兼容乐高积木儿童军事益智拼装积木特警人仔飞机坦克快艇4-12男孩子组装玩具礼物	http://mobile.yangkeduo.com/goods.html?goods_id=16983890
null	0	0	100	玩具游乐园	兼容乐高未来骑士团小丑克雷梅洛克人仔拼装积木7本魔法书玩具	http://mobile.yangkeduo.com/goods.html?goods_id=2989766
null	0	0	86	玩具游乐园	兼容乐高漫威超级英雄复仇者联盟钢铁侠蝙蝠侠拼装人仔偶积木玩具	http://mobile.yangkeduo.com/goods.html?goods_id=2952989
null	0	0	36	玩具游乐园	【送礼物】兼容乐高乐拼未来骑士团系列 兰斯 艾克索大战石头三兄弟 6连发战车 变形长枪战车儿童益智积木玩具拼插	http://mobile.yangkeduo.com/goods.html?goods_id=4840374
null	0	0	15	玩具游乐园	兼容乐高漫威超级英雄复仇者联盟钢铁侠蝙蝠侠超人金刚狼美国队长神盾局拼人仔人偶拼装组装拼插积木小颗粒玩具益智玩具	http://mobile.yangkeduo.com/goods.html?goods_id=2953148
null	0	-1	494	玩具游乐园	乐拼兼容乐高幻影忍者系列杰凯寇蛇怪黄金忍者人仔人偶拼装组装拼插积木小颗粒手办玩具	http://mobile.yangkeduo.com/goods.html?goods_id=3293031
null	-1	-1	12	玩具游乐园	(拼装王者荣耀）（兼容乐高积木）森宝兼容乐高王者荣耀人偶赵云白起杨戬机甲模型铠甲积木拼装人仔全套玩具	http://mobile.yangkeduo.com/goods.html?goods_id=228889631
null	4	11	422	萤火虫玩具店	新款整蛊玩具新奇特玩具 遥控眼镜蛇 搞怪玩具红外线感应仿真蛇	http://mobile.yangkeduo.com/goods.html?goods_id=722731653
null	2	5	632	萤火虫玩具店	雷神儿童电动连发水弹枪可发射子弹小孩玩具枪狙击抢男孩10岁手动	http://mobile.yangkeduo.com/goods.html?goods_id=2201294
null	0	0	410	萤火虫玩具店	环太平洋2 雷霆再起 拼装模型乐高积木机甲玩具模型儿童礼物	http://mobile.yangkeduo.com/goods.html?goods_id=715351746
null	0	0	228	萤火虫玩具店	坚锋98k狙击拉栓下供弹抛壳玩具枪awm可发射水弹枪绝地模型求生男	http://mobile.yangkeduo.com/goods.html?goods_id=2498428092
null	0	0	193	萤火虫玩具店	儿童积木桌子多功能宝宝游戏桌兼容乐高大小颗粒积木玩具3-6周岁	http://mobile.yangkeduo.com/goods.html?goods_id=1774131877
null	0	0	141	萤火虫玩具店	积木玩具桌多功能兼容乐高大小颗粒积木拼装益智男女孩1-6周岁	http://mobile.yangkeduo.com/goods.html?goods_id=2575748532
null	0	0	107	萤火虫玩具店	和谐号变形玩具高铁金刚小火车套装电动轨道车儿童3男孩5-6岁	http://mobile.yangkeduo.com/goods.html?goods_id=2396548348
null	0	0	80	萤火虫玩具店	创意迷你小恶犬恶狗咬人玩具咬手狗搞笑儿童亲子互动游戏抢骨头	http://mobile.yangkeduo.com/goods.html?goods_id=3150360
null	0	0	73	萤火虫玩具店	暗杀神手动水弹枪 儿童玩具枪穿越火线CF 男孩互动CS可发射子弹抢	http://mobile.yangkeduo.com/goods.html?goods_id=2669337
null	0	0	60	萤火虫玩具店	外销亚马逊热卖 爆裂陀螺 带发射器合金战斗爆旋陀螺 新款式陀螺	http://mobile.yangkeduo.com/goods.html?goods_id=5797221
null	0	1	2161	6789玩具店	玩具钞票枪射钱枪撒钱枪喷钱吐钱枪美金枪道具枪节日表演创意	http://mobile.yangkeduo.com/goods.html?goods_id=591124325
null	0	1	169	6789玩具店	魔幻陀螺3梦幻创想豪华对战全套装拉线发光陀螺儿童玩具非灵动	http://mobile.yangkeduo.com/goods.html?goods_id=1540919
null	0	0	8903	6789玩具店	【超变战陀二星升级版】陀螺玩具套装魔幻陀螺3飓风战魂5合体陀螺	http://mobile.yangkeduo.com/goods.html?goods_id=150983743
null	0	0	1390	6789玩具店	超变战陀拉线套装对战圣焰红龙儿童玩具3魔幻陀螺2二星升级版	http://mobile.yangkeduo.com/goods.html?goods_id=178616204
null	0	0	1232	6789玩具店	乐拼06049积木幻影忍者凯和杰的冰火双头翼龙兼容乐高益智玩具	http://mobile.yangkeduo.com/goods.html?goods_id=2547769
null	0	0	694	6789玩具店	乐高乐拼幻影忍者系列杰的雷电飞龙乐高积木益智玩具06027儿童	http://mobile.yangkeduo.com/goods.html?goods_id=1039803
null	0	0	613	6789玩具店	儿童玩具益智可洗便宜爬墙翻跟斗蜘蛛人传统怀旧粘性蜘蛛侠玩具	http://mobile.yangkeduo.com/goods.html?goods_id=1026891366
null	0	0	463	6789玩具店	超变战陀拉线套装对战圣焰红龙儿童玩具3魔幻陀螺2二星升级版	http://mobile.yangkeduo.com/goods.html?goods_id=77114836
null	0	0	378	6789玩具店	乐高乐拼14012克雷的圣剑合体战车乐高人仔积木未来元素骑士团	http://mobile.yangkeduo.com/goods.html?goods_id=1050927
null	0	0	305	6789玩具店	乐拼幻影忍者系列命运赏赐号大决战拼装兼容乐高积木玩具06020	http://mobile.yangkeduo.com/goods.html?goods_id=1050047
null	0	5	920	宝山玩具	乐高积木男女孩子拼装玩具城市警察局消防车特警儿童益智6-8-10岁	http://mobile.yangkeduo.com/goods.html?goods_id=160270368
null	2	5	354	宝山玩具	乐高城市警察系列卡车货火汽车工程吊铲警公交消防车拼装积木玩具	http://mobile.yangkeduo.com/goods.html?goods_id=113525220
null	0	4	443	宝山玩具	乐高城市警察系列警察局警摩托车警匪直升机军事拼装积木玩具人仔	http://mobile.yangkeduo.com/goods.html?goods_id=166474560
null	0	2	337	宝山玩具	乐高城市警察系列卡车货火汽车工程吊铲警公交消防车拼装积木玩具	http://mobile.yangkeduo.com/goods.html?goods_id=112083117
null	0	0	968	宝山玩具	乐高城市警察摩托卡车货火汽车工程吊铲警公交消防车拼装积木玩具	http://mobile.yangkeduo.com/goods.html?goods_id=137570733
null	0	0	400	宝山玩具	乐高城市警察卡车货火汽车工程吊铲警公交消防车钩机拼装积木玩具	http://mobile.yangkeduo.com/goods.html?goods_id=154338434
null	0	0	390	宝山玩具	乐高城市警察系列警察局警摩托车警匪直升机军事拼装积木玩具人仔	http://mobile.yangkeduo.com/goods.html?goods_id=163612701
null	0	0	230	宝山玩具	乐高积木幻影忍者巨轮摩托车追击战神庙龙70639拼装玩具乐拼06074	http://mobile.yangkeduo.com/goods.html?goods_id=1539761597
null	0	0	217	宝山玩具	男孩益智军事城市乐高积木拼装幻影忍者人仔特警警察局儿童玩具车	http://mobile.yangkeduo.com/goods.html?goods_id=189553433
null	0	0	206	宝山玩具	乐高积木大黄蜂擎天恐龙变形金刚机器人男孩拼装益智玩具幻影忍者	http://mobile.yangkeduo.com/goods.html?goods_id=154453308
null	0	0	1788	一休玩具店	【超变战陀二星升级版】陀螺玩具套装魔幻陀螺3圣焰红龙合体陀螺	http://mobile.yangkeduo.com/goods.html?goods_id=208763914
null	0	0	462	一休玩具店	乐拼幻影忍者系列杰的雷电飞龙乐高积木益智玩具06027儿童	http://mobile.yangkeduo.com/goods.html?goods_id=1267988
null	0	0	174	一休玩具店	特价款乐拼14012克雷的圣剑合体战车乐高人仔积木未来元素骑士团	http://mobile.yangkeduo.com/goods.html?goods_id=1267898
null	0	0	117	一休玩具店	乐拼幻影忍者系列命运赏赐号大决战拼装兼容乐高积木玩具06020	http://mobile.yangkeduo.com/goods.html?goods_id=1267964
null	0	0	57	一休玩具店	乐拼幻影忍者系列拼装积木益智男玩具冰火双头翼龙06049	http://mobile.yangkeduo.com/goods.html?goods_id=2432360
null	0	0	28	一休玩具店	乐拼乐高式冰雪奇缘艾莎的冰雪城堡女生拼装积木女孩玩具	http://mobile.yangkeduo.com/goods.html?goods_id=4386690
null	0	0	25	一休玩具店	双鹰男孩遥控积木车兼容乐高组装电动汽车	http://mobile.yangkeduo.com/goods.html?goods_id=2143861
null	0	0	22	一休玩具店	电动连发软弹枪儿童玩具枪可发射子弹手枪野外对战枪	http://mobile.yangkeduo.com/goods.html?goods_id=1592276
null	0	0	18	一休玩具店	乐拼乐高式元素未来骑士团熔岩攻城战车14018拼装玩具积木	http://mobile.yangkeduo.com/goods.html?goods_id=1267888
null	0	0	15	一休玩具店	双鹰男孩遥控积木车兼容乐高组装电动汽车儿童玩具	http://mobile.yangkeduo.com/goods.html?goods_id=2143937
null	7	13	2009	乐美乐玩具店	皇冠小马宝莉玩具宇宙紫悦公主塑料公仔摆件礼盒套装儿童生日礼物	http://mobile.yangkeduo.com/goods.html?goods_id=9172457
null	4	13	1926	乐美乐玩具店	植物大战僵尸2玩具寒冰豌豆炮椰子炮可发射儿童礼物公仔僵尸玩偶	http://mobile.yangkeduo.com/goods.html?goods_id=10372019
null	2	7	941	乐美乐玩具店	复仇者灭霸联盟3绿巨人钢铁侠美队模型手办关节可动人偶公仔玩具	http://mobile.yangkeduo.com/goods.html?goods_id=743689868
null	1	5	2532	乐美乐玩具店	乐高积木兼容大黄蜂擎天柱军事警察变形机器人拼插积木拼装玩具	http://mobile.yangkeduo.com/goods.html?goods_id=25368656
null	1	3	2016	乐美乐玩具店	【激光手表】侦探柯南红外线激光儿童玩具手表防水电子表动漫表	http://mobile.yangkeduo.com/goods.html?goods_id=93288258
null	1	3	571	乐美乐玩具店	兼容乐高环太平洋2机甲积木雷霆再起模型拼装玩具3-10岁男孩玩具	http://mobile.yangkeduo.com/goods.html?goods_id=1492088001
null	1	2	2525	乐美乐玩具店	正版赛尔号暴烈陀螺3玩具升级版魔幻爆裂陀螺战神联盟雷伊盖亚	http://mobile.yangkeduo.com/goods.html?goods_id=11616149
null	1	2	610	乐美乐玩具店	【全套8合1】乐高启蒙战车航母机器人航母工程积木儿童玩具	http://mobile.yangkeduo.com/goods.html?goods_id=381228235
null	1	1	603	乐美乐玩具店	猪猪侠之超星萌宠全套铁拳虎火焰鹤变形机器人玩具五灵锁男孩礼物	http://mobile.yangkeduo.com/goods.html?goods_id=25739574
null	0	1	537	乐美乐玩具店	皇冠小马宝莉12款全套公仔云宝柔柔紫悦儿童玩具女孩子礼物多款	http://mobile.yangkeduo.com/goods.html?goods_id=9644427
null	4	5	6253	快乐100玩具	灯光金属合金魔幻陀螺3正版套装焰天火龙王儿童男孩对战陀螺玩具	http://mobile.yangkeduo.com/goods.html?goods_id=25029277
null	0	0	17	快乐100玩具	正品乐拼乐高式拼装积木玩具我的世界创世神凋零丛林树屋18003益智场景	http://mobile.yangkeduo.com/goods.html?goods_id=25429214
null	0	0	11	快乐100玩具	全自动环保海豚小丑鱼泡泡枪双瓶水灯光吹泡泡夏季儿童玩具	http://mobile.yangkeduo.com/goods.html?goods_id=69638833
null	0	0	10	快乐100玩具	新年元宵灯笼手提灯笼投影灯笼叮当猫音乐灯光满天星灯光儿童玩具灯笼中秋灯笼 七彩投影卡通吊脚灯笼手提灯光储钱罐幼儿园礼品	http://mobile.yangkeduo.com/goods.html?goods_id=69652559
null	0	0	8	快乐100玩具	儿童创意礼物叮当猫KIT小黄人皮卡丘自动存钱罐存取款机密码箱储蓄罐时尚生日储钱罐礼品	http://mobile.yangkeduo.com/goods.html?goods_id=69635511
79	0	0	6	快乐100玩具	乐拼乐高式正品女孩系列好朋友斯蒂芬妮的房子41314拼装积木玩具01014	http://mobile.yangkeduo.com/goods.html?goods_id=25547655
null	0	0	5	快乐100玩具	乐拼乐高式06028幻影忍者飞天海盗要塞厄运堡垒号益智拼插积木模型玩具	http://mobile.yangkeduo.com/goods.html?goods_id=25548486
null	0	0	4	快乐100玩具	lepin乐拼乐高式积木星球大战原力千年鹰隼05007拼装拼插积木玩具车	http://mobile.yangkeduo.com/goods.html?goods_id=25461580
null	0	0	4	快乐100玩具	乐拼幻影忍者系列命运赏赐号大决战拼装兼容乐高积木玩具06020	http://mobile.yangkeduo.com/goods.html?goods_id=25429799
null	0	-1	5	快乐100玩具	小飞仙公主儿童玩具会飞的小仙女小黄人智能感应飞行器花仙子飞机	http://mobile.yangkeduo.com/goods.html?goods_id=1129828187
null	16	54	3396	宝城玩具	乐高积木城市警察摩托卡车货火汽车工程吊铲警公交消防车拼装玩具	http://mobile.yangkeduo.com/goods.html?goods_id=19885915
null	9	18	6510	宝城玩具	乐高积木城市警察系列卡车货火汽车工程吊铲警公交消防车拼装玩具	http://mobile.yangkeduo.com/goods.html?goods_id=35269556
null	3	11	511	宝城玩具	男孩益智军事城市乐高积木拼装幻影忍者人仔特警警察局儿童玩具车	http://mobile.yangkeduo.com/goods.html?goods_id=48988691
null	5	9	762	宝城玩具	乐高积木私人警察航天飞机卫星发射站直升机机场大型客机拼装玩具	http://mobile.yangkeduo.com/goods.html?goods_id=42478484
null	0	8	1084	宝城玩具	乐高玩具城市警察男孩卡车货火汽车工程吊铲警公交消防车拼装积木	http://mobile.yangkeduo.com/goods.html?goods_id=176692719
null	1	7	1455	宝城玩具	乐高积木城市警察摩托汽车直升机警察局消防军事男孩益智拼装玩具	http://mobile.yangkeduo.com/goods.html?goods_id=34063350
null	2	2	524	宝城玩具	乐高积木科技机械类摩托车赛车越野车汽车模型男孩拼装插益智玩具	http://mobile.yangkeduo.com/goods.html?goods_id=212132312
null	0	1	1135	宝城玩具	乐高积木城市警察卡客货汽车工程吊铲公交消防车钩挖掘机拼装玩具	http://mobile.yangkeduo.com/goods.html?goods_id=79860777
null	0	0	673	宝城玩具	乐高积木未来骑士团高科技移动要塞城堡机甲战车幻影忍者拼装玩具	http://mobile.yangkeduo.com/goods.html?goods_id=106290398
null	0	0	544	宝城玩具	乐高积木城市警察卡车货火汽消防公交车工程吊铲挖掘钩机拼装玩具	http://mobile.yangkeduo.com/goods.html?goods_id=16051893
null	3	8	222	小顽童积木城	乐高幻影忍者第八季积木拼装积木人仔晴美公主金大师吴大师玩具	http://mobile.yangkeduo.com/goods.html?goods_id=3070068857
null	1	6	516	小顽童积木城	兼容乐高积木人仔幻影忍者PG1070加满都大师抽抽乐第三方拼装玩具	http://mobile.yangkeduo.com/goods.html?goods_id=1155121205
null	2	3	167	小顽童积木城	兼容乐高幻影忍者加满都之子复仇面具 邪恶面具 紫外线小姐 E先生	http://mobile.yangkeduo.com/goods.html?goods_id=1690776310
null	0	2	371	小顽童积木城	兼容乐高小颗粒动物配件 马 鲨鱼 骆驼 人仔坐骑拼装积木益智玩具	http://mobile.yangkeduo.com/goods.html?goods_id=874489361
null	0	2	142	小顽童积木城	乐高积木玩具礼物儿童小孩男孩拼装益智幻影忍者Killow积木大人仔	http://mobile.yangkeduo.com/goods.html?goods_id=1380207582
null	0	1	546	小顽童积木城	兼容乐高复仇者联盟3无限战争手套灭霸钢铁侠MK50蜘蛛侠美队积木	http://mobile.yangkeduo.com/goods.html?goods_id=1408734831
null	0	0	274	小顽童积木城	兼容乐高小颗粒动物配件 马 鲨鱼 骆驼 人仔坐骑拼装积木益智玩具	http://mobile.yangkeduo.com/goods.html?goods_id=2338398847
null	0	0	224	小顽童积木城	兼容乐高幻影忍者大电影劳埃德杰赞凯加满都拼插拼装人仔积木玩具	http://mobile.yangkeduo.com/goods.html?goods_id=2218478184
null	0	0	117	小顽童积木城	兼容乐高积木大人仔漫威超级英雄绿巨人大毒液钢铁侠灭霸憎恶玩具	http://mobile.yangkeduo.com/goods.html?goods_id=838496948
null	0	0	71	小顽童积木城	2018黑豹超级英雄兼容乐高积木复仇者联盟漫威漫画金刚狼拼装人仔	http://mobile.yangkeduo.com/goods.html?goods_id=1360495932
null	1	1	169	派大叔玩具屋	得高0282-0287DC正义联盟大电影蝙蝠侠超人兼容乐高拼装积木人仔	http://mobile.yangkeduo.com/goods.html?goods_id=126375207
null	0	1	86	派大叔玩具屋	兼容乐高幻影忍者积木劳埃德忍者赞黄金忍者玩具摩罗拼装人仔人偶	http://mobile.yangkeduo.com/goods.html?goods_id=21273727
null	1	1	47	派大叔玩具屋	兼容乐高DC正义联盟拼装积木蝙蝠侠战车坦克积木玩具儿童益智模型	http://mobile.yangkeduo.com/goods.html?goods_id=31179732
null	0	0	159	派大叔玩具屋	兼容乐高幻影忍者2017大电影拼装积木人偶玩具劳埃德凯杰妮雅人仔	http://mobile.yangkeduo.com/goods.html?goods_id=49544026
null	0	0	73	派大叔玩具屋	兼容乐高积木钢铁侠机甲反浩克绿巨人拼装人仔红女巫漫威超级英雄	http://mobile.yangkeduo.com/goods.html?goods_id=26280279
null	0	0	40	派大叔玩具屋	兼容乐高积木行尸走肉僵尸世界大战僵尸来袭寂静岭丧尸女护士警察	http://mobile.yangkeduo.com/goods.html?goods_id=53315587
null	0	0	33	派大叔玩具屋	DC蝙蝠侠大战超人氪石拦截蝙蝠车战车兼容乐高76045拼装积木人仔	http://mobile.yangkeduo.com/goods.html?goods_id=26298075
null	0	0	31	派大叔玩具屋	得高0274-0279大电影正义联盟蜘蛛侠英雄归来兼容乐高拼装积木	http://mobile.yangkeduo.com/goods.html?goods_id=63482111
null	0	0	28	派大叔玩具屋	兼容乐高积木超级英雄拼装人仔死侍人偶漫威漫画英雄死侍角色积木	http://mobile.yangkeduo.com/goods.html?goods_id=28160239
null	0	0	25	派大叔玩具屋	超级英雄正义联盟人仔兼容乐高积木玩具洛基蝙蝠蜘蛛侠超人钢铁侠	http://mobile.yangkeduo.com/goods.html?goods_id=40926453
null	3	7	25	菠萝益智屋	【热卖】抖音同款小孙悟空筋斗云飞行手办模型汽车摆件公仔七龙珠	http://mobile.yangkeduo.com/goods.html?goods_id=2541707680
null	1	6	66	菠萝益智屋	风能动力机械兽风力仿生兽机器人风力兽儿童科学实验科普教材套装	http://mobile.yangkeduo.com/goods.html?goods_id=2541686368
null	0	2	52	菠萝益智屋	木质汉诺塔彩虹圈十层河内塔早教儿童益智力游戏通关玩具3-5-6岁	http://mobile.yangkeduo.com/goods.html?goods_id=2471096488
null	0	1	94	菠萝益智屋	解环解锁九连环早教儿童成人益智力通关解题九连环玩具鲁班锁28cm	http://mobile.yangkeduo.com/goods.html?goods_id=2471242300
null	1	1	12	菠萝益智屋	戴拿奥特曼儿童玩具咸蛋超人发声发光关节可动赛罗迪加迪迦奥特曼	http://mobile.yangkeduo.com/goods.html?goods_id=2485144867
null	0	0	46	菠萝益智屋	汪汪队立大功拼插拼装益智玩具男孩女孩钻石微小颗粒积木宠物小狗	http://mobile.yangkeduo.com/goods.html?goods_id=2541627973
null	0	0	12	菠萝益智屋	数字三国华容道益智力通关玩具木制智力魔板解题滑块游戏6岁以上	http://mobile.yangkeduo.com/goods.html?goods_id=2471162629
null	0	0	6	菠萝益智屋	复仇者联盟1:1发光面具金属色声光美国队长盾牌儿童玩具演出道具	http://mobile.yangkeduo.com/goods.html?goods_id=2485043477
null	0	0	5	菠萝益智屋	超凡蜘蛛侠蛛丝手套2合1可喷丝喷水英雄手腕发射器套装儿童玩具	http://mobile.yangkeduo.com/goods.html?goods_id=2485068061
305	0	0	3	菠萝益智屋	乐拼船加勒比海盗黑珍珠安妮女王帝国战舰沉默玛丽16006拼装积木	http://mobile.yangkeduo.com/goods.html?goods_id=2455114468
null	0	1	43924	嘉彩玩具	灯光金属合金魔幻陀螺3正版套装焰天火龙王幻战斗机甲变形战车	http://mobile.yangkeduo.com/goods.html?goods_id=2190351
null	0	0	412	嘉彩玩具	新款儿童卡通背包美国队长蜘蛛侠奥特曼钢铁侠塑料水枪夏天沙滩户外玩具儿童戏水玩具	http://mobile.yangkeduo.com/goods.html?goods_id=2489269
null	0	0	187	嘉彩玩具	正版儿童变形奥特蛋奥特曼玩具蛋赛罗奥特曼蛋男孩益智变形恐龙蛋怪兽蛋机器人超人9只装玩具7奥特曼蛋+2怪兽蛋礼品套装	http://mobile.yangkeduo.com/goods.html?goods_id=2594906
null	0	0	110	嘉彩玩具	森业S牌冰雪奇缘艾莎的冰雪城堡SY373女孩拼装积木益智玩具兼容乐高适合6-9-12岁儿童	http://mobile.yangkeduo.com/goods.html?goods_id=2043271
null	0	0	100	嘉彩玩具	乐拼积木幻影忍者系列卓越的日本武士06046拼装玩具积木人仔70625	http://mobile.yangkeduo.com/goods.html?goods_id=2026960
null	0	0	52	嘉彩玩具	乐拼正品未来元素骑士团国王的战斗机甲拼装积木人仔玩具14008兼容乐高儿童礼物6-9-15岁	http://mobile.yangkeduo.com/goods.html?goods_id=2026350
null	0	0	44	嘉彩玩具	儿童存钱罐小孩ATM存款机密码大号自动吃钱吸卷钱韩国创意储蓄罐	http://mobile.yangkeduo.com/goods.html?goods_id=2070890
null	0	0	36	嘉彩玩具	儿童电子琴带麦克风女孩钢琴玩具婴儿早教启蒙宝宝音乐小孩小钢琴	http://mobile.yangkeduo.com/goods.html?goods_id=6328146
null	0	0	34	嘉彩玩具	【新年礼物】大尺寸遥控汽车越野四驱车儿童玩具车遥控汽车攀爬越野车大脚车超大赛车电动男孩充电遥控车四驱	http://mobile.yangkeduo.com/goods.html?goods_id=2190391
null	0	0	32	嘉彩玩具	将牌儿童益智拼装积木女孩玩具爱丽儿公主的海底宫殿79278	http://mobile.yangkeduo.com/goods.html?goods_id=2180368
null	0	2	158	鹰煌玩具	兼容乐高幻影忍者70639乐拼06074 巨轮摩托车追击战拼装积木玩具	http://mobile.yangkeduo.com/goods.html?goods_id=590041980
null	1	1	77	鹰煌玩具	兼容乐高城市警察系列乐拼02036黄色货柜大卡车3221拼装积木玩具	http://mobile.yangkeduo.com/goods.html?goods_id=82574601
null	0	1	19	鹰煌玩具	兼容乐高幻影忍者大电影乐拼06054忍者的水上战斗机甲拼装积木	http://mobile.yangkeduo.com/goods.html?goods_id=81514105
null	0	0	57	鹰煌玩具	兼容乐高幻影忍者大电影系列乐拼06060暗黑霸王机甲70613拼装积木	http://mobile.yangkeduo.com/goods.html?goods_id=81422390
null	0	0	26	鹰煌玩具	兼容乐高超级英雄 复仇者联盟3乐拼07104护卫运输机攻击 拼装积木	http://mobile.yangkeduo.com/goods.html?goods_id=1371721562
null	0	0	24	鹰煌玩具	兼容乐高未来骑士团乐拼14043克雷高科技魔法机甲战神拼装积木	http://mobile.yangkeduo.com/goods.html?goods_id=1223917083
null	0	0	20	鹰煌玩具	兼容乐高复仇者联盟3无限战争托尔的武器任务76102 乐拼07105积木	http://mobile.yangkeduo.com/goods.html?goods_id=1394609517
null	0	0	19	鹰煌玩具	兼容乐高幻影忍者系列命运之翼号乐拼06079积木70650男孩拼装玩具	http://mobile.yangkeduo.com/goods.html?goods_id=2155631784
null	0	0	15	鹰煌玩具	兼容乐高城市警察系列乐拼02097山地特警总部60174拼装积木玩具	http://mobile.yangkeduo.com/goods.html?goods_id=539417997
null	0	0	14	鹰煌玩具	兼容乐高城市系列城市医院救护车60204儿童拼装积木玩具乐拼02113	http://mobile.yangkeduo.com/goods.html?goods_id=2398805837
null	1	8	83	潮流积木正版店	博乐10416追踪匪徒摩托车乐高城市警察系列60041益智拼装积木玩具	http://mobile.yangkeduo.com/goods.html?goods_id=950778652
null	0	4	264	潮流积木正版店	博乐10418囚犯运输车乐高城市警察系列60043男孩益智拼装积木玩具	http://mobile.yangkeduo.com/goods.html?goods_id=950780540
null	0	3	71	潮流积木正版店	博乐10420流动警署乐高城市警察系列60044益智拼装积木玩具	http://mobile.yangkeduo.com/goods.html?goods_id=950798663
null	2	3	70	潮流积木正版店	博乐10640火山探险运输直升机乐高火山探险系列60123益智拼装积木	http://mobile.yangkeduo.com/goods.html?goods_id=950800160
null	0	1	80	潮流积木正版店	博乐10520艾克索的合体塔防战车乐高未来骑士团70322拼装积木玩具	http://mobile.yangkeduo.com/goods.html?goods_id=828705915
null	0	0	159	潮流积木正版店	博乐10424警察总局乐高城市警察系列60047益智拼装积木玩具	http://mobile.yangkeduo.com/goods.html?goods_id=950829522
null	0	0	147	潮流积木正版店	兼容乐高2018新款我的世界系列农场鸡舍村庄儿童拼装积木玩具乐拼	http://mobile.yangkeduo.com/goods.html?goods_id=823635969
null	0	0	92	潮流积木正版店	博乐10529四合一变形战车乐高幻影忍者系列70595男孩益智拼装积木	http://mobile.yangkeduo.com/goods.html?goods_id=828576948
null	0	0	71	潮流积木正版店	乐拼01063兼容乐高女孩好朋友心湖城友情俱乐部拼装积木玩具41340	http://mobile.yangkeduo.com/goods.html?goods_id=814659269
null	0	0	71	潮流积木正版店	博乐10393我的世界系列地狱城堡地下堡垒乐高21122拼装积木玩具6-9-14岁	http://mobile.yangkeduo.com/goods.html?goods_id=615952791
null	0	2	304	佳佳积木玩具店	乐拼06051乐高幻影忍者系列 70612绿忍者的飞天机甲神龙 LEGO积木	http://mobile.yangkeduo.com/goods.html?goods_id=76965444
null	0	1	293	佳佳积木玩具店	乐高未来骑士团 72004高科技魔法机甲战神LEGO积木玩具 乐拼14043	http://mobile.yangkeduo.com/goods.html?goods_id=1138437096
null	0	1	275	佳佳积木玩具店	植物大战僵尸玩具全套弹射礼盒场景系列塑料积木拼插未来世界乐高	http://mobile.yangkeduo.com/goods.html?goods_id=210046467
null	0	1	260	佳佳积木玩具店	兼容乐高乐拼城市系列极地空中运输机60193儿童拼装积木玩具02109	http://mobile.yangkeduo.com/goods.html?goods_id=78669303
null	0	1	211	佳佳积木玩具店	8月新品乐高幻影忍者系列70652 雷电暴风神龙 LEGO积木 乐拼06080	http://mobile.yangkeduo.com/goods.html?goods_id=124280500
null	0	1	184	佳佳积木玩具店	兼容乐高70654积木新幻影忍者第九季大电影乐拼06089重型捕龙卡车	http://mobile.yangkeduo.com/goods.html?goods_id=83268203
null	1	1	175	佳佳积木玩具店	兼容乐高乐拼超级赛车系列75884福特野马1968拼装积木玩具28014	http://mobile.yangkeduo.com/goods.html?goods_id=277353438
null	0	1	173	佳佳积木玩具店	兼容乐高乐拼哈利波特格林德沃大逃亡75951儿童拼装积木玩具16053	http://mobile.yangkeduo.com/goods.html?goods_id=76783662
null	0	0	446	佳佳积木玩具店	乐高城市组 60174 山地特警总部 LEGO City 积木玩具  乐拼02097	http://mobile.yangkeduo.com/goods.html?goods_id=78046445
null	0	0	275	佳佳积木玩具店	兼容乐高乐拼哈利波特神奇动物在哪里神奇皮箱75952积木玩具16059	http://mobile.yangkeduo.com/goods.html?goods_id=77934067
null	0	2	776	萌萌哒玩具商城	乐高超级英雄系列76107灭霸:终极之战 复仇者联盟3 奇异博士LEGO	http://mobile.yangkeduo.com/goods.html?goods_id=132922112
null	0	2	251	萌萌哒玩具商城	植物大战僵尸玩具全套弹射礼盒场景系列塑料积木拼插乐高050301	http://mobile.yangkeduo.com/goods.html?goods_id=209979091
null	1	2	242	萌萌哒玩具商城	9月新品兼容乐高城市系列 60174 山地特警总部积木玩具 乐拼02097	http://mobile.yangkeduo.com/goods.html?goods_id=551119495
null	1	1	862	萌萌哒玩具商城	乐高侏罗纪世界布鲁迅猛龙翼龙双脊龙霸王龙棘龙恐龙拼装积木玩具	http://mobile.yangkeduo.com/goods.html?goods_id=76565338
null	1	1	687	萌萌哒玩具商城	乐高幻影忍者系列70639巨轮摩托车追击战 积木人仔玩具乐拼06074	http://mobile.yangkeduo.com/goods.html?goods_id=596663897
null	0	1	300	萌萌哒玩具商城	乐拼兼容乐高积木60195城市系列北极移动勘探基地男孩子玩具02111	http://mobile.yangkeduo.com/goods.html?goods_id=79370455
null	0	1	225	萌萌哒玩具商城	兼容乐高幻影忍者大电影76018新命运赏赐号积木拼装玩具乐拼06057	http://mobile.yangkeduo.com/goods.html?goods_id=76618138
null	0	1	221	萌萌哒玩具商城	兼容乐高乐拼16054哈利波特霍格沃茨城门75953礼堂大教堂积木玩具	http://mobile.yangkeduo.com/goods.html?goods_id=121797577
null	0	1	212	萌萌哒玩具商城	博乐10928兼容乐高侏罗纪世界2恐龙1食肉牛龙迅猛龙拼装75930积木	http://mobile.yangkeduo.com/goods.html?goods_id=76547815
null	0	0	301	萌萌哒玩具商城	乐拼正品好朋友系列乐高41319滑雪度假村热巧克力车拼装积木玩具	http://mobile.yangkeduo.com/goods.html?goods_id=136401574
null	0	1	29	乐拼益智玩具店	博乐10077赤马气功传奇 蝎斯狂的毒刺战车乐高70132儿童益智拼装积木玩具人仔6-9-12岁礼物	http://mobile.yangkeduo.com/goods.html?goods_id=58754416
null	0	0	336	乐拼益智玩具店	2017新品乐高幻影忍者系列博乐10579忍者雷霆摩托车乐高70622儿童益智拼装积木玩具人仔6-9-12岁礼物	http://mobile.yangkeduo.com/goods.html?goods_id=64531718
null	0	0	144	乐拼益智玩具店	博乐10320幻影忍者劳埃德的丛林冲锋车乐高70755儿童益智拼装积木玩具人仔6-9-12岁礼物17新款	http://mobile.yangkeduo.com/goods.html?goods_id=68646774
null	0	0	82	乐拼益智玩具店	博乐10626蝙蝠侠大电影系列小丑气球逃脱乐高70900儿童益智拼装积木玩具人仔6-9-12岁礼物2017新款	http://mobile.yangkeduo.com/goods.html?goods_id=65670958
null	0	0	61	乐拼益智玩具店	乐高70721白色幻影忍者 凯的烈焰战机博乐10219儿童益智拼装积木玩具人仔6-9-12岁礼物	http://mobile.yangkeduo.com/goods.html?goods_id=66448029
null	0	0	54	乐拼益智玩具店	博乐10222幻影忍者乐高70723白色忍者雷霆突击队拼装积木玩具	http://mobile.yangkeduo.com/goods.html?goods_id=66452628
null	0	0	42	乐拼益智玩具店	新款博乐10595未来骑士团石头三兄弟的进攻艾克索对战石头怪乐高70350儿童益智拼装积木玩具人仔6-9-12岁礼物	http://mobile.yangkeduo.com/goods.html?goods_id=65613815
null	0	0	37	乐拼益智玩具店	乐高女孩好朋友游乐场大型过山车乐高41130公主博乐10563儿童益智拼装积木玩具人仔6-9-12岁礼物17新款	http://mobile.yangkeduo.com/goods.html?goods_id=65690465
null	0	0	28	乐拼益智玩具店	乐高小拼砌师汽车总动员 拉米雷斯的竞速模拟器闪电麦昆发射器奇诺和卡布加油站板牙的垃圾场拼装积木玩具博乐10681-4	http://mobile.yangkeduo.com/goods.html?goods_id=76258793
null	0	0	25	乐拼益智玩具店	乐高好朋友系列心湖城私人飞机场41100女孩积木拼装玩具博乐10545	http://mobile.yangkeduo.com/goods.html?goods_id=2614766611
null	2	3	379	博乐积木玩具店	乐高警察局城市CITY系列高速公路警匪追逐60042拼装积木玩具博乐10417兼容乐高6-9-12岁以上儿童	http://mobile.yangkeduo.com/goods.html?goods_id=5784990
null	1	2	475	博乐积木玩具店	乐高城市CITY系列警察警犬突击队 L60048 拼装人仔积木玩具博乐10419兼容乐高6-9-12岁以上儿童	http://mobile.yangkeduo.com/goods.html?goods_id=5785016
null	0	2	401	博乐积木玩具店	乐高幻影忍者 忍者电光机甲70754森业SY331益智拼装积木玩具博乐10317兼容乐高6-9-12岁以上儿童	http://mobile.yangkeduo.com/goods.html?goods_id=7275348
null	0	2	282	博乐积木玩具店	乐高幻影忍者70755寇的丛林冲锋车忍者电极跑车拼装积木玩具博乐10320兼容乐高6-9-12岁以上儿童	http://mobile.yangkeduo.com/goods.html?goods_id=7263018
null	0	0	790	博乐积木玩具店	17新款博乐10640乐高CITY城市系列60123火山探险运输直升机飞机儿童益智拼装积木玩具人仔人偶6-9-12岁礼物	http://mobile.yangkeduo.com/goods.html?goods_id=11153382
null	0	0	369	博乐积木玩具店	乐高警察局城市CITY系列流动警署60044拼装益智人仔积木玩具博乐10420兼容乐高6-9-12岁以上儿童	http://mobile.yangkeduo.com/goods.html?goods_id=5785026
null	0	0	363	博乐积木玩具店	兼容乐高元素骑士团系列 未来骑士团克雷小丑魔法书师幻影忍者神龟人仔积木拼装玩具	http://mobile.yangkeduo.com/goods.html?goods_id=5697764
null	0	0	264	博乐积木玩具店	乐高女孩好朋友friends心湖城兽医宠物诊所41085拼装积木女生玩具博乐10537兼容乐高6-9-12岁以上儿童	http://mobile.yangkeduo.com/goods.html?goods_id=5785120
null	0	0	245	博乐积木玩具店	兼容乐高元素NEXO未来骑士团国王梅洛克小丑克雷魔法书师人仔人偶战车幻影忍者神龟儿童益智拼装积木玩具	http://mobile.yangkeduo.com/goods.html?goods_id=17389911
null	0	0	242	博乐积木玩具店	乐高幻影忍者70723雷霆突击队拼装塑胶积木益智儿童玩具博乐10222	http://mobile.yangkeduo.com/goods.html?goods_id=7348960
null	1	11	188	积木人仔TOYS	兼容乐高积木日本动漫SY1111奥特曼打怪兽男孩子拼装人仔玩具	http://mobile.yangkeduo.com/goods.html?goods_id=2860523443
null	1	10	38	积木人仔TOYS	兼容乐高人仔死侍毒液蜘蛛侠KT1010暗黑蜘蛛侠积木玩具男孩3-6岁	http://mobile.yangkeduo.com/goods.html?goods_id=3482100942
null	3	8	96	积木人仔TOYS	复仇者联盟3无限战争灭霸积木无限手套能量宝石拼装积木人仔配件	http://mobile.yangkeduo.com/goods.html?goods_id=2701108500
null	1	6	20	积木人仔TOYS	X0127我的世界系列克斯骷髅史蒂夫铁傀儡拼装积木人仔兼容乐高	http://mobile.yangkeduo.com/goods.html?goods_id=3154909592
null	0	3	32	积木人仔TOYS	兼容乐高积木复仇者联盟3人仔超级英雄KF436钢铁侠装甲拼装玩具	http://mobile.yangkeduo.com/goods.html?goods_id=2699774718
null	0	3	20	积木人仔TOYS	欣宏X0168超级英雄蜘蛛侠蒙面劫匪钢铁侠兼容乐高积木人仔小玩具	http://mobile.yangkeduo.com/goods.html?goods_id=2691809005
null	1	2	57	积木人仔TOYS	品高积木人仔PG8152 8151抽抽乐71021第18季火龙人赛车男孩子玩具	http://mobile.yangkeduo.com/goods.html?goods_id=2675857174
null	0	2	42	积木人仔TOYS	兼容乐高复仇者联盟XP028死侍第三方MOC超级英雄积木人仔拼装玩具	http://mobile.yangkeduo.com/goods.html?goods_id=2700986458
null	0	0	31	积木人仔TOYS	兼容乐高迷你小恐龙暴龙霸王三角龙侏罗纪世界公园拼装积木玩具	http://mobile.yangkeduo.com/goods.html?goods_id=3011730197
null	0	0	20	积木人仔TOYS	复仇者联盟黑豹系列X0191舒莉公主欣宏积木人仔儿童兼容乐高玩具	http://mobile.yangkeduo.com/goods.html?goods_id=2701179580
null	0	8	75	博乐玩具店	乐高我的世界系列21126凋零巫师博乐10469男孩益智拼装积木玩具	http://mobile.yangkeduo.com/goods.html?goods_id=2143166330
null	0	3	15	博乐玩具店	博乐10547乐高好朋友女孩系列心湖城大酒店41101益智拼装积木玩具	http://mobile.yangkeduo.com/goods.html?goods_id=2143166600
null	0	2	29	博乐玩具店	博乐10320幻影忍者劳埃德的丛林冲锋车乐高70755儿童益智拼装积木	http://mobile.yangkeduo.com/goods.html?goods_id=2143307411
null	0	2	15	博乐玩具店	乐高黑色忍者幻影70589岩石赛车六连发越野战车乐拼06032拼装积木	http://mobile.yangkeduo.com/goods.html?goods_id=2169936610
null	0	1	13	博乐玩具店	兼容博乐10791积木玩具拼装男孩系列幻影忍者陀螺儿童玩具益智	http://mobile.yangkeduo.com/goods.html?goods_id=2170632437
null	0	0	24	博乐玩具店	博乐10529四合一变形战车乐高幻影忍者系列70595男孩益智拼装积木	http://mobile.yangkeduo.com/goods.html?goods_id=2143162658
null	0	0	13	博乐玩具店	乐高 博乐10831玩具 城市组 City 6岁-12岁 消防总局 60110 积木	http://mobile.yangkeduo.com/goods.html?goods_id=2142982565
null	0	0	9	博乐玩具店	2018博乐乐高幻影忍者启蒙拼装积木陀螺玩具10791-10796	http://mobile.yangkeduo.com/goods.html?goods_id=2169974200
null	0	0	7	博乐玩具店	全新正品博乐10736乐高积木70913蝙蝠侠大电影70918男孩子玩具	http://mobile.yangkeduo.com/goods.html?goods_id=2143004690
null	0	0	6	博乐玩具店	乐高星球大战STARWARS皇家部队运输机森业S牌儿童拼装积木玩具博	http://mobile.yangkeduo.com/goods.html?goods_id=2143082597
null	8	37	1083	拼装积木玩具	乐高王者荣耀争霸人仔孙悟空机甲积木拼装玩具未来骑士团城市吃鸡	http://mobile.yangkeduo.com/goods.html?goods_id=224570522
null	3	10	491	拼装积木玩具	乐高未来骑士团人仔克雷阿隆艾克战斗机甲拼装玩具6-10周岁男孩子	http://mobile.yangkeduo.com/goods.html?goods_id=105694956
null	4	5	59	拼装积木玩具	乐高幻影忍者未来骑士团黄金人仔小益智拼装男孩儿童积木玩具10岁	http://mobile.yangkeduo.com/goods.html?goods_id=101248904
null	1	2	114	拼装积木玩具	2018新品乐高幻影忍者大电影第九季神龙儿童男孩10岁拼图积木玩具	http://mobile.yangkeduo.com/goods.html?goods_id=143802717
null	0	1	10	拼装积木玩具	博乐010074兼容乐高气功传奇赤马神兽青目狮双桨直升机飞机70129	http://mobile.yangkeduo.com/goods.html?goods_id=107411667
null	0	0	43	拼装积木玩具	恐龙玩具侏罗纪公园3世界乐高积木男孩子拼装霸王龙儿童模型6-10	http://mobile.yangkeduo.com/goods.html?goods_id=107413184
null	0	0	17	拼装积木玩具	乐拼 MY WORLD 我的世界系列地狱矿车21130拼装积木人仔玩具18024	http://mobile.yangkeduo.com/goods.html?goods_id=101348805
null	0	0	15	拼装积木玩具	乐拼31001兼容乐高埃及法老王系列蝎子王金字塔探险7327积木玩具	http://mobile.yangkeduo.com/goods.html?goods_id=261386717
null	0	0	11	拼装积木玩具	乐高星球大战STAR WARS皇家部队运输机75078拼插积木玩具博乐10365兼容乐高6-9-12岁以上儿童	http://mobile.yangkeduo.com/goods.html?goods_id=105740337
null	0	0	10	拼装积木玩具	乐拼兼容乐高城市警察系列 大卡车货车拼装积木人仔玩具02036	http://mobile.yangkeduo.com/goods.html?goods_id=104748977
null	0	2	19	博乐正品店	乐高女孩好朋友心湖城比萨餐厅咖啡厅41311拼装积木玩具博乐10609	http://mobile.yangkeduo.com/goods.html?goods_id=2652321318
null	1	1	37	博乐正品店	乐高积木幻影忍者大电影忍者大师命运大决战拼装玩具博乐10715	http://mobile.yangkeduo.com/goods.html?goods_id=1063673366
null	0	0	181	博乐正品店	乐高幻影忍者70502寇的钻土机无影脚突袭拼装积木玩具博乐9791	http://mobile.yangkeduo.com/goods.html?goods_id=1054432072
null	0	0	56	博乐正品店	兼容乐高白色幻影忍者拼装人仔积木玩具凯杰赞吴大师加满都大师	http://mobile.yangkeduo.com/goods.html?goods_id=1054444612
null	0	0	55	博乐正品店	兼容乐高白色幻影忍者拼装人仔积木玩具凯杰赞吴大师加满都劳埃德	http://mobile.yangkeduo.com/goods.html?goods_id=1054432344
null	0	0	39	博乐正品店	乐高超级英雄未来骑士团幻影忍者蜘蛛侠蝙蝠侠拼装人仔积木玩具	http://mobile.yangkeduo.com/goods.html?goods_id=1063646587
null	0	0	38	博乐正品店	乐高幻影忍者系列 寇的无影脚突袭战车博乐9759儿童益智拼装积木玩具人仔6-9-12岁礼物寇六连发冲锋车	http://mobile.yangkeduo.com/goods.html?goods_id=115647171
null	0	0	35	博乐正品店	乐高幻影忍者系列光明神殿黄金机甲兼容乐高70505机器人男孩博乐9795儿童益智拼装积木玩具人仔6-9-12岁礼物	http://mobile.yangkeduo.com/goods.html?goods_id=119034429
null	0	0	26	博乐正品店	博乐10633蝙蝠侠大电影系列小丑的低底盘汽车乐高70906拼装积木	http://mobile.yangkeduo.com/goods.html?goods_id=1054422292
null	0	0	19	博乐正品店	兼容乐高幻影忍者乐高70728钛之神龙大战忍者之城博乐9797男孩儿童益智拼装积木玩具人仔6-9-12岁礼物	http://mobile.yangkeduo.com/goods.html?goods_id=119035789
null	0	3	57	星期天玩具	乐高星球大战STARWARS皇家部队运输机森业S牌儿童拼装积木玩具博	http://mobile.yangkeduo.com/goods.html?goods_id=1139729935
null	0	1	86	星期天玩具	新款博乐10595未来骑士团石头三兄弟的进攻艾克索对战石头怪乐高7	http://mobile.yangkeduo.com/goods.html?goods_id=1139737869
null	0	1	40	星期天玩具	乐高60034城市CITY警察极地探险北极直升起重机拼装积木儿童玩具	http://mobile.yangkeduo.com/goods.html?goods_id=1083759186
null	0	0	148	星期天玩具	乐高警察局City城市系列60041抓捕窃贼追踪匪徒拼装积木玩具博乐1	http://mobile.yangkeduo.com/goods.html?goods_id=1139744648
null	0	0	95	星期天玩具	乐高城市CITY警察总局系列囚犯运输车60043人仔积木拼装玩具博乐1	http://mobile.yangkeduo.com/goods.html?goods_id=1127840069
null	0	0	63	星期天玩具	乐高我的世界系列21126凋零巫师博乐10469男孩益智拼装积木玩具	http://mobile.yangkeduo.com/goods.html?goods_id=2000954942
null	0	0	48	星期天玩具	乐高警察局城市CITY系列流动警署60044拼装益智积木玩具博乐10420	http://mobile.yangkeduo.com/goods.html?goods_id=1083664488
null	0	0	46	星期天玩具	博乐10547乐高好朋友女孩系列心湖城大酒店41101益智拼装积木玩具	http://mobile.yangkeduo.com/goods.html?goods_id=2000972480
null	0	0	38	星期天玩具	2018博乐乐高幻影忍者启蒙拼装积木陀螺玩具10791-10796	http://mobile.yangkeduo.com/goods.html?goods_id=1091004765
null	0	0	37	星期天玩具	乐高41118女孩好朋友系列心湖城超级市场超市拼装积木女生玩具博	http://mobile.yangkeduo.com/goods.html?goods_id=1113337755
null	5	12	87	儿童拼装益智积木玩具商城	乐高绝地求生吉利服吃鸡军事人仔武器小人偶拼装益智积木男孩玩具	http://mobile.yangkeduo.com/goods.html?goods_id=58739302
null	6	9	716	儿童拼装益智积木玩具商城	乐高未来骑士团人仔2018克雷盾牌战斗机甲拼装玩具6-10-14上周岁	http://mobile.yangkeduo.com/goods.html?goods_id=107676676
null	0	0	99	儿童拼装益智积木玩具商城	恐龙玩具侏罗纪公园3世界2兼容乐高积木男孩子拼装霸王龙儿童模型	http://mobile.yangkeduo.com/goods.html?goods_id=133283791
null	0	0	34	儿童拼装益智积木玩具商城	2018新款乐高未来骑士团系列高科技骑士城堡儿童6-9-12岁礼物积木	http://mobile.yangkeduo.com/goods.html?goods_id=107681399
null	0	0	24	儿童拼装益智积木玩具商城	乐高国王机甲克雷战车未来骑士团钢铁侠人仔拼装积木玩具礼物12岁	http://mobile.yangkeduo.com/goods.html?goods_id=114666112
null	0	0	23	儿童拼装益智积木玩具商城	博乐10704兼容乐高未来骑士团阿隆的攀岩越野战车乐高70355儿童益智拼装积木玩具人仔6-9-12岁礼物2017新款	http://mobile.yangkeduo.com/goods.html?goods_id=105759031
null	0	0	21	儿童拼装益智积木玩具商城	乐拼02008城市火车系列电动货运列车乐高60052拼装插积木益智玩具	http://mobile.yangkeduo.com/goods.html?goods_id=372824622
null	0	0	20	儿童拼装益智积木玩具商城	儿童益智拼装适用乐高未来骑士团小丑的熔岩巢穴移动要塞积木玩具	http://mobile.yangkeduo.com/goods.html?goods_id=171997492
null	0	0	19	儿童拼装益智积木玩具商城	乐高星球大战75103拼插装积木玩具 First Order炮艇运输车 乐拼05003兼容乐高6-9-12岁以上儿童	http://mobile.yangkeduo.com/goods.html?goods_id=105759242
null	0	0	17	儿童拼装益智积木玩具商城	乐高星球大战反抗军轰炸机拼装积木儿童玩具8-12岁我的世界小颗粒	http://mobile.yangkeduo.com/goods.html?goods_id=367038146
